{"/home/travis/build/npmtest/node-npmtest-react-scrollbar/test.js":{"path":"/home/travis/build/npmtest/node-npmtest-react-scrollbar/test.js","s":{"1":2,"2":2,"3":2,"4":2,"5":2,"6":2,"7":2,"8":1,"9":2,"10":2,"11":1,"12":1,"13":1,"14":1,"15":2,"16":2,"17":2,"18":2,"19":1,"20":1,"21":2,"22":2,"23":2,"24":1,"25":1,"26":1,"27":1,"28":1,"29":1,"30":1,"31":1,"32":1,"33":1,"34":1,"35":1,"36":1,"37":1,"38":1,"39":2,"40":2,"41":1,"42":2,"43":2,"44":1,"45":2,"46":2,"47":1,"48":2,"49":2,"50":1,"51":1,"52":1,"53":1,"54":1},"b":{"1":[2,1,1,1],"2":[1,1,1,1],"3":[1,1],"4":[1,1],"5":[1,1],"6":[1,1],"7":[1,1],"8":[1,1],"9":[1,1],"10":[1,1,1],"11":[1,1],"12":[1,1],"13":[1,1],"14":[1,1],"15":[1,1],"16":[1,1],"17":[1,1]},"f":{"1":2,"2":2,"3":2,"4":2,"5":2,"6":1,"7":1,"8":1,"9":2,"10":2,"11":2,"12":2,"13":1},"fnMap":{"1":{"name":"(anonymous_1)","line":12,"loc":{"start":{"line":12,"column":1},"end":{"line":12,"column":13}}},"2":{"name":"(anonymous_2)","line":19,"loc":{"start":{"line":19,"column":5},"end":{"line":19,"column":17}}},"3":{"name":"(anonymous_3)","line":23,"loc":{"start":{"line":23,"column":24},"end":{"line":23,"column":36}}},"4":{"name":"(anonymous_4)","line":61,"loc":{"start":{"line":61,"column":5},"end":{"line":61,"column":17}}},"5":{"name":"(anonymous_5)","line":82,"loc":{"start":{"line":82,"column":5},"end":{"line":82,"column":17}}},"6":{"name":"(anonymous_6)","line":91,"loc":{"start":{"line":91,"column":77},"end":{"line":94,"column":10}}},"7":{"name":"(anonymous_7)","line":112,"loc":{"start":{"line":112,"column":83},"end":{"line":115,"column":10}},"skip":true},"8":{"name":"(anonymous_8)","line":123,"loc":{"start":{"line":123,"column":77},"end":{"line":126,"column":10}},"skip":true},"9":{"name":"(anonymous_9)","line":139,"loc":{"start":{"line":139,"column":12},"end":{"line":139,"column":40}},"skip":true},"10":{"name":"(anonymous_10)","line":147,"loc":{"start":{"line":147,"column":77},"end":{"line":150,"column":10}},"skip":true},"11":{"name":"(anonymous_11)","line":158,"loc":{"start":{"line":158,"column":83},"end":{"line":161,"column":10}},"skip":true},"12":{"name":"(anonymous_12)","line":169,"loc":{"start":{"line":169,"column":79},"end":{"line":172,"column":10}},"skip":true},"13":{"name":"(anonymous_13)","line":180,"loc":{"start":{"line":180,"column":75},"end":{"line":183,"column":10}},"skip":true}},"statementMap":{"1":{"start":{"line":12,"column":0},"end":{"line":195,"column":5}},"2":{"start":{"line":14,"column":4},"end":{"line":14,"column":14}},"3":{"start":{"line":19,"column":4},"end":{"line":56,"column":9}},"4":{"start":{"line":21,"column":8},"end":{"line":21,"column":19}},"5":{"start":{"line":23,"column":8},"end":{"line":35,"column":13}},"6":{"start":{"line":24,"column":12},"end":{"line":34,"column":13}},"7":{"start":{"line":25,"column":16},"end":{"line":28,"column":30}},"8":{"start":{"line":30,"column":16},"end":{"line":33,"column":27}},"9":{"start":{"line":37,"column":8},"end":{"line":39,"column":21}},"10":{"start":{"line":40,"column":8},"end":{"line":53,"column":9}},"11":{"start":{"line":43,"column":12},"end":{"line":46,"column":14}},"12":{"start":{"line":47,"column":12},"end":{"line":47,"column":18}},"13":{"start":{"line":50,"column":12},"end":{"line":51,"column":33}},"14":{"start":{"line":52,"column":12},"end":{"line":52,"column":18}},"15":{"start":{"line":55,"column":8},"end":{"line":55,"column":35}},"16":{"start":{"line":61,"column":4},"end":{"line":63,"column":9}},"17":{"start":{"line":62,"column":8},"end":{"line":62,"column":15}},"18":{"start":{"line":64,"column":4},"end":{"line":77,"column":5}},"19":{"start":{"line":70,"column":8},"end":{"line":70,"column":14}},"20":{"start":{"line":76,"column":8},"end":{"line":76,"column":14}},"21":{"start":{"line":82,"column":4},"end":{"line":84,"column":9}},"22":{"start":{"line":83,"column":8},"end":{"line":83,"column":15}},"23":{"start":{"line":85,"column":4},"end":{"line":194,"column":5}},"24":{"start":{"line":91,"column":8},"end":{"line":99,"column":10}},"25":{"start":{"line":98,"column":12},"end":{"line":98,"column":35}},"26":{"start":{"line":102,"column":8},"end":{"line":104,"column":63}},"27":{"start":{"line":105,"column":8},"end":{"line":105,"column":14}},"28":{"start":{"line":112,"column":8},"end":{"line":121,"column":10},"skip":true},"29":{"start":{"line":119,"column":12},"end":{"line":119,"column":55},"skip":true},"30":{"start":{"line":120,"column":12},"end":{"line":120,"column":48},"skip":true},"31":{"start":{"line":123,"column":8},"end":{"line":136,"column":10},"skip":true},"32":{"start":{"line":130,"column":12},"end":{"line":130,"column":76},"skip":true},"33":{"start":{"line":131,"column":12},"end":{"line":131,"column":73},"skip":true},"34":{"start":{"line":132,"column":12},"end":{"line":132,"column":74},"skip":true},"35":{"start":{"line":133,"column":12},"end":{"line":133,"column":79},"skip":true},"36":{"start":{"line":134,"column":12},"end":{"line":134,"column":25},"skip":true},"37":{"start":{"line":135,"column":12},"end":{"line":135,"column":45},"skip":true},"38":{"start":{"line":138,"column":8},"end":{"line":145,"column":14},"skip":true},"39":{"start":{"line":143,"column":16},"end":{"line":143,"column":29},"skip":true},"40":{"start":{"line":144,"column":16},"end":{"line":144,"column":55},"skip":true},"41":{"start":{"line":147,"column":8},"end":{"line":156,"column":10},"skip":true},"42":{"start":{"line":154,"column":12},"end":{"line":154,"column":25},"skip":true},"43":{"start":{"line":155,"column":12},"end":{"line":155,"column":45},"skip":true},"44":{"start":{"line":158,"column":8},"end":{"line":167,"column":10},"skip":true},"45":{"start":{"line":165,"column":12},"end":{"line":165,"column":25},"skip":true},"46":{"start":{"line":166,"column":12},"end":{"line":166,"column":48},"skip":true},"47":{"start":{"line":169,"column":8},"end":{"line":178,"column":10},"skip":true},"48":{"start":{"line":176,"column":12},"end":{"line":176,"column":25},"skip":true},"49":{"start":{"line":177,"column":12},"end":{"line":177,"column":46},"skip":true},"50":{"start":{"line":180,"column":8},"end":{"line":189,"column":10},"skip":true},"51":{"start":{"line":187,"column":12},"end":{"line":187,"column":94},"skip":true},"52":{"start":{"line":188,"column":12},"end":{"line":188,"column":48},"skip":true},"53":{"start":{"line":192,"column":8},"end":{"line":192,"column":35},"skip":true},"54":{"start":{"line":193,"column":8},"end":{"line":193,"column":14},"skip":true}},"branchMap":{"1":{"line":25,"type":"binary-expr","locations":[{"start":{"line":25,"column":23},"end":{"line":25,"column":62}},{"start":{"line":26,"column":20},"end":{"line":26,"column":70}},{"start":{"line":27,"column":20},"end":{"line":27,"column":71}},{"start":{"line":28,"column":20},"end":{"line":28,"column":29}}]},"2":{"line":30,"type":"binary-expr","locations":[{"start":{"line":30,"column":23},"end":{"line":30,"column":37}},{"start":{"line":31,"column":20},"end":{"line":31,"column":61}},{"start":{"line":32,"column":20},"end":{"line":32,"column":70}},{"start":{"line":33,"column":20},"end":{"line":33,"column":26}}]},"3":{"line":37,"type":"cond-expr","locations":[{"start":{"line":38,"column":14},"end":{"line":38,"column":20}},{"start":{"line":39,"column":14},"end":{"line":39,"column":20}}]},"4":{"line":40,"type":"switch","locations":[{"start":{"line":42,"column":8},"end":{"line":47,"column":18}},{"start":{"line":49,"column":8},"end":{"line":52,"column":18}}]},"5":{"line":44,"type":"binary-expr","locations":[{"start":{"line":44,"column":16},"end":{"line":44,"column":44}},{"start":{"line":44,"column":48},"end":{"line":44,"column":66}}]},"6":{"line":50,"type":"binary-expr","locations":[{"start":{"line":50,"column":21},"end":{"line":50,"column":49}},{"start":{"line":50,"column":53},"end":{"line":50,"column":72}}]},"7":{"line":64,"type":"switch","locations":[{"start":{"line":69,"column":4},"end":{"line":70,"column":14}},{"start":{"line":75,"column":4},"end":{"line":76,"column":14}}]},"8":{"line":85,"type":"switch","locations":[{"start":{"line":90,"column":4},"end":{"line":105,"column":14}},{"start":{"line":111,"column":4},"end":{"line":193,"column":14},"skip":true}]},"9":{"line":91,"type":"binary-expr","locations":[{"start":{"line":91,"column":42},"end":{"line":91,"column":73}},{"start":{"line":91,"column":77},"end":{"line":99,"column":9}}]},"10":{"line":102,"type":"binary-expr","locations":[{"start":{"line":102,"column":18},"end":{"line":102,"column":32}},{"start":{"line":103,"column":12},"end":{"line":103,"column":53}},{"start":{"line":104,"column":12},"end":{"line":104,"column":61}}]},"11":{"line":112,"type":"binary-expr","locations":[{"start":{"line":112,"column":45},"end":{"line":112,"column":79},"skip":true},{"start":{"line":112,"column":83},"end":{"line":121,"column":9},"skip":true}]},"12":{"line":123,"type":"binary-expr","locations":[{"start":{"line":123,"column":42},"end":{"line":123,"column":73},"skip":true},{"start":{"line":123,"column":77},"end":{"line":136,"column":9},"skip":true}]},"13":{"line":138,"type":"binary-expr","locations":[{"start":{"line":138,"column":48},"end":{"line":138,"column":85},"skip":true},{"start":{"line":139,"column":12},"end":{"line":145,"column":13},"skip":true}]},"14":{"line":147,"type":"binary-expr","locations":[{"start":{"line":147,"column":42},"end":{"line":147,"column":73},"skip":true},{"start":{"line":147,"column":77},"end":{"line":156,"column":9},"skip":true}]},"15":{"line":158,"type":"binary-expr","locations":[{"start":{"line":158,"column":45},"end":{"line":158,"column":79},"skip":true},{"start":{"line":158,"column":83},"end":{"line":167,"column":9},"skip":true}]},"16":{"line":169,"type":"binary-expr","locations":[{"start":{"line":169,"column":43},"end":{"line":169,"column":75},"skip":true},{"start":{"line":169,"column":79},"end":{"line":178,"column":9},"skip":true}]},"17":{"line":180,"type":"binary-expr","locations":[{"start":{"line":180,"column":41},"end":{"line":180,"column":71},"skip":true},{"start":{"line":180,"column":75},"end":{"line":189,"column":9},"skip":true}]}},"code":["/* istanbul instrument in package npmtest_react_scrollbar */","/*jslint","    bitwise: true,","    browser: true,","    maxerr: 8,","    maxlen: 96,","    node: true,","    nomen: true,","    regexp: true,","    stupid: true","*/","(function () {","    'use strict';","    var local;","","","","    // run shared js-env code - pre-init","    (function () {","        // init local","        local = {};","        // init modeJs","        local.modeJs = (function () {","            try {","                return typeof navigator.userAgent === 'string' &&","                    typeof document.querySelector('body') === 'object' &&","                    typeof XMLHttpRequest.prototype.open === 'function' &&","                    'browser';","            } catch (errorCaughtBrowser) {","                return module.exports &&","                    typeof process.versions.node === 'string' &&","                    typeof require('http').createServer === 'function' &&","                    'node';","            }","        }());","        // init global","        local.global = local.modeJs === 'browser'","            ? window","            : global;","        switch (local.modeJs) {","        // re-init local from window.local","        case 'browser':","            local = local.global.utility2.objectSetDefault(","                local.global.utility2_rollup || local.global.local,","                local.global.utility2","            );","            break;","        // re-init local from example.js","        case 'node':","            local = (local.global.utility2_rollup || require('utility2'))","                .requireReadme();","            break;","        }","        // export local","        local.global.local = local;","    }());","","","","    // run shared js-env code - function","    (function () {","        return;","    }());","    switch (local.modeJs) {","","","","    // run browser js-env code - function","    case 'browser':","        break;","","","","    // run node js-env code - function","    case 'node':","        break;","    }","","","","    // run shared js-env code - post-init","    (function () {","        return;","    }());","    switch (local.modeJs) {","","","","    // run browser js-env code - post-init","    case 'browser':","        local.testCase_browser_nullCase = local.testCase_browser_nullCase || function (","            options,","            onError","        ) {","        /*","         * this function will test browsers's null-case handling-behavior-behavior","         */","            onError(null, options);","        };","","        // run tests","        local.nop(local.modeTest &&","            document.querySelector('#testRunButton1') &&","            document.querySelector('#testRunButton1').click());","        break;","","","","    // run node js-env code - post-init","    /* istanbul ignore next */","    case 'node':","        local.testCase_buildApidoc_default = local.testCase_buildApidoc_default || function (","            options,","            onError","        ) {","        /*","         * this function will test buildApidoc's default handling-behavior-behavior","         */","            options = { modulePathList: module.paths };","            local.buildApidoc(options, onError);","        };","","        local.testCase_buildApp_default = local.testCase_buildApp_default || function (","            options,","            onError","        ) {","        /*","         * this function will test buildApp's default handling-behavior-behavior","         */","            local.testCase_buildReadme_default(options, local.onErrorThrow);","            local.testCase_buildLib_default(options, local.onErrorThrow);","            local.testCase_buildTest_default(options, local.onErrorThrow);","            local.testCase_buildCustomOrg_default(options, local.onErrorThrow);","            options = [];","            local.buildApp(options, onError);","        };","","        local.testCase_buildCustomOrg_default = local.testCase_buildCustomOrg_default ||","            function (options, onError) {","            /*","             * this function will test buildCustomOrg's default handling-behavior","             */","                options = {};","                local.buildCustomOrg(options, onError);","            };","","        local.testCase_buildLib_default = local.testCase_buildLib_default || function (","            options,","            onError","        ) {","        /*","         * this function will test buildLib's default handling-behavior","         */","            options = {};","            local.buildLib(options, onError);","        };","","        local.testCase_buildReadme_default = local.testCase_buildReadme_default || function (","            options,","            onError","        ) {","        /*","         * this function will test buildReadme's default handling-behavior-behavior","         */","            options = {};","            local.buildReadme(options, onError);","        };","","        local.testCase_buildTest_default = local.testCase_buildTest_default || function (","            options,","            onError","        ) {","        /*","         * this function will test buildTest's default handling-behavior","         */","            options = {};","            local.buildTest(options, onError);","        };","","        local.testCase_webpage_default = local.testCase_webpage_default || function (","            options,","            onError","        ) {","        /*","         * this function will test webpage's default handling-behavior","         */","            options = { modeCoverageMerge: true, url: local.serverLocalHost + '?modeTest=1' };","            local.browserTest(options, onError);","        };","","        // run test-server","        local.testRunServer(local);","        break;","    }","}());",""],"l":{"12":2,"14":2,"19":2,"21":2,"23":2,"24":2,"25":2,"30":1,"37":2,"40":2,"43":1,"47":1,"50":1,"52":1,"55":2,"61":2,"62":2,"64":2,"70":1,"76":1,"82":2,"83":2,"85":2,"91":1,"98":1,"102":1,"105":1,"112":1,"119":1,"120":1,"123":1,"130":1,"131":1,"132":1,"133":1,"134":1,"135":1,"138":1,"143":2,"144":2,"147":1,"154":2,"155":2,"158":1,"165":2,"166":2,"169":1,"176":2,"177":2,"180":1,"187":1,"188":1,"192":1,"193":1}},"/home/travis/build/npmtest/node-npmtest-react-scrollbar/lib.npmtest_react_scrollbar.js":{"path":"/home/travis/build/npmtest/node-npmtest-react-scrollbar/lib.npmtest_react_scrollbar.js","s":{"1":2,"2":2,"3":2,"4":2,"5":2,"6":2,"7":2,"8":1,"9":2,"10":2,"11":2,"12":2,"13":1,"14":1,"15":1,"16":1},"b":{"1":[2,1,1,1],"2":[1,1,1,1],"3":[1,1],"4":[2,2],"5":[1,1]},"f":{"1":2,"2":2,"3":2},"fnMap":{"1":{"name":"(anonymous_1)","line":12,"loc":{"start":{"line":12,"column":1},"end":{"line":12,"column":13}}},"2":{"name":"(anonymous_2)","line":19,"loc":{"start":{"line":19,"column":5},"end":{"line":19,"column":17}}},"3":{"name":"(anonymous_3)","line":23,"loc":{"start":{"line":23,"column":24},"end":{"line":23,"column":36}}}},"statementMap":{"1":{"start":{"line":12,"column":0},"end":{"line":53,"column":5}},"2":{"start":{"line":14,"column":4},"end":{"line":14,"column":14}},"3":{"start":{"line":19,"column":4},"end":{"line":52,"column":9}},"4":{"start":{"line":21,"column":8},"end":{"line":21,"column":19}},"5":{"start":{"line":23,"column":8},"end":{"line":35,"column":13}},"6":{"start":{"line":24,"column":12},"end":{"line":34,"column":13}},"7":{"start":{"line":25,"column":16},"end":{"line":28,"column":30}},"8":{"start":{"line":30,"column":16},"end":{"line":33,"column":27}},"9":{"start":{"line":37,"column":8},"end":{"line":39,"column":21}},"10":{"start":{"line":41,"column":8},"end":{"line":41,"column":54}},"11":{"start":{"line":43,"column":8},"end":{"line":43,"column":60}},"12":{"start":{"line":45,"column":8},"end":{"line":51,"column":9}},"13":{"start":{"line":46,"column":12},"end":{"line":46,"column":66}},"14":{"start":{"line":48,"column":12},"end":{"line":48,"column":35}},"15":{"start":{"line":49,"column":12},"end":{"line":49,"column":49}},"16":{"start":{"line":50,"column":12},"end":{"line":50,"column":43}}},"branchMap":{"1":{"line":25,"type":"binary-expr","locations":[{"start":{"line":25,"column":23},"end":{"line":25,"column":62}},{"start":{"line":26,"column":20},"end":{"line":26,"column":70}},{"start":{"line":27,"column":20},"end":{"line":27,"column":71}},{"start":{"line":28,"column":20},"end":{"line":28,"column":29}}]},"2":{"line":30,"type":"binary-expr","locations":[{"start":{"line":30,"column":23},"end":{"line":30,"column":37}},{"start":{"line":31,"column":20},"end":{"line":31,"column":61}},{"start":{"line":32,"column":20},"end":{"line":32,"column":70}},{"start":{"line":33,"column":20},"end":{"line":33,"column":26}}]},"3":{"line":37,"type":"cond-expr","locations":[{"start":{"line":38,"column":14},"end":{"line":38,"column":20}},{"start":{"line":39,"column":14},"end":{"line":39,"column":20}}]},"4":{"line":41,"type":"binary-expr","locations":[{"start":{"line":41,"column":16},"end":{"line":41,"column":44}},{"start":{"line":41,"column":48},"end":{"line":41,"column":53}}]},"5":{"line":45,"type":"if","locations":[{"start":{"line":45,"column":8},"end":{"line":45,"column":8}},{"start":{"line":45,"column":8},"end":{"line":45,"column":8}}]}},"code":["/* istanbul instrument in package npmtest_react_scrollbar */","/*jslint","    bitwise: true,","    browser: true,","    maxerr: 8,","    maxlen: 96,","    node: true,","    nomen: true,","    regexp: true,","    stupid: true","*/","(function () {","    'use strict';","    var local;","","","","    // run shared js-env code - pre-init","    (function () {","        // init local","        local = {};","        // init modeJs","        local.modeJs = (function () {","            try {","                return typeof navigator.userAgent === 'string' &&","                    typeof document.querySelector('body') === 'object' &&","                    typeof XMLHttpRequest.prototype.open === 'function' &&","                    'browser';","            } catch (errorCaughtBrowser) {","                return module.exports &&","                    typeof process.versions.node === 'string' &&","                    typeof require('http').createServer === 'function' &&","                    'node';","            }","        }());","        // init global","        local.global = local.modeJs === 'browser'","            ? window","            : global;","        // init utility2_rollup","        local = local.global.utility2_rollup || local;","        // init lib","        local.local = local.npmtest_react_scrollbar = local;","        // init exports","        if (local.modeJs === 'browser') {","            local.global.utility2_npmtest_react_scrollbar = local;","        } else {","            module.exports = local;","            module.exports.__dirname = __dirname;","            module.exports.module = module;","        }","    }());","}());",""],"l":{"12":2,"14":2,"19":2,"21":2,"23":2,"24":2,"25":2,"30":1,"37":2,"41":2,"43":2,"45":2,"46":1,"48":1,"49":1,"50":1}},"/home/travis/build/npmtest/node-npmtest-react-scrollbar/example.js":{"path":"/home/travis/build/npmtest/node-npmtest-react-scrollbar/example.js","s":{"1":2,"2":2,"3":2,"4":2,"5":2,"6":2,"7":2,"8":1,"9":2,"10":2,"11":2,"12":2,"13":1,"14":2,"15":2,"16":2,"17":2,"18":2,"19":0,"20":2,"21":1,"22":1,"23":1,"24":1,"25":1,"26":0,"27":0,"28":1,"29":1,"30":2,"31":0,"32":0,"33":0,"34":1,"35":2,"36":2,"37":3,"38":3,"39":3,"40":3,"41":0,"42":3,"43":3,"44":3,"45":1,"46":3,"47":1,"48":1,"49":1,"50":1,"51":1,"52":1,"53":1,"54":1,"55":1,"56":1,"57":0,"58":1,"59":6,"60":6,"61":1,"62":2,"63":0,"64":2,"65":1,"66":1,"67":0,"68":0,"69":0,"70":0,"71":0,"72":0,"73":0,"74":0,"75":0,"76":0,"77":0,"78":0,"79":0,"80":0,"81":0,"82":0,"83":0},"b":{"1":[2,1,1,1],"2":[1,1,1,1],"3":[1,1],"4":[2,2],"5":[1,1],"6":[1,1],"7":[2,0],"8":[2,1,1,1,1,1],"9":[0,2,0],"10":[1,1],"11":[2,1,1],"12":[1,0],"13":[0,2],"14":[2,0,0,0,0,0,0],"15":[0,3],"16":[3,0],"17":[1,1],"18":[0,1],"19":[1,2,0,2],"20":[1,0],"21":[1,1],"22":[0,0],"23":[0,0],"24":[0,0],"25":[0,0],"26":[0,0],"27":[0,0],"28":[0,0]},"f":{"1":2,"2":2,"3":2,"4":2,"5":2,"6":2,"7":3,"8":3,"9":3,"10":1,"11":6,"12":0},"fnMap":{"1":{"name":"(anonymous_1)","line":26,"loc":{"start":{"line":26,"column":1},"end":{"line":26,"column":13}}},"2":{"name":"(anonymous_2)","line":33,"loc":{"start":{"line":33,"column":5},"end":{"line":33,"column":17}}},"3":{"name":"(anonymous_3)","line":37,"loc":{"start":{"line":37,"column":24},"end":{"line":37,"column":36}}},"4":{"name":"(anonymous_4)","line":69,"loc":{"start":{"line":69,"column":31},"end":{"line":69,"column":48}},"skip":true},"5":{"name":"(anonymous_5)","line":78,"loc":{"start":{"line":78,"column":26},"end":{"line":78,"column":45}},"skip":true},"6":{"name":"(anonymous_6)","line":123,"loc":{"start":{"line":123,"column":33},"end":{"line":123,"column":48}},"skip":true},"7":{"name":"(anonymous_7)","line":125,"loc":{"start":{"line":125,"column":27},"end":{"line":125,"column":39}},"skip":true},"8":{"name":"(anonymous_8)","line":133,"loc":{"start":{"line":133,"column":59},"end":{"line":133,"column":74}},"skip":true},"9":{"name":"(anonymous_9)","line":143,"loc":{"start":{"line":143,"column":45},"end":{"line":143,"column":62}},"skip":true},"10":{"name":"(anonymous_10)","line":144,"loc":{"start":{"line":144,"column":73},"end":{"line":144,"column":92}},"skip":true},"11":{"name":"(anonymous_11)","line":272,"loc":{"start":{"line":272,"column":51},"end":{"line":272,"column":77}},"skip":true},"12":{"name":"(anonymous_12)","line":315,"loc":{"start":{"line":315,"column":32},"end":{"line":315,"column":61}},"skip":true}},"statementMap":{"1":{"start":{"line":26,"column":0},"end":{"line":326,"column":5}},"2":{"start":{"line":28,"column":4},"end":{"line":28,"column":14}},"3":{"start":{"line":33,"column":4},"end":{"line":60,"column":9}},"4":{"start":{"line":35,"column":8},"end":{"line":35,"column":19}},"5":{"start":{"line":37,"column":8},"end":{"line":49,"column":13}},"6":{"start":{"line":38,"column":12},"end":{"line":48,"column":13}},"7":{"start":{"line":39,"column":16},"end":{"line":42,"column":30}},"8":{"start":{"line":44,"column":16},"end":{"line":47,"column":27}},"9":{"start":{"line":51,"column":8},"end":{"line":53,"column":21}},"10":{"start":{"line":55,"column":8},"end":{"line":57,"column":45}},"11":{"start":{"line":59,"column":8},"end":{"line":59,"column":35}},"12":{"start":{"line":61,"column":4},"end":{"line":325,"column":5}},"13":{"start":{"line":69,"column":8},"end":{"line":121,"column":10},"skip":true},"14":{"start":{"line":70,"column":12},"end":{"line":88,"column":13},"skip":true},"15":{"start":{"line":76,"column":16},"end":{"line":87,"column":19},"skip":true},"16":{"start":{"line":79,"column":20},"end":{"line":86,"column":21},"skip":true},"17":{"start":{"line":82,"column":24},"end":{"line":82,"column":43},"skip":true},"18":{"start":{"line":83,"column":24},"end":{"line":83,"column":30},"skip":true},"19":{"start":{"line":85,"column":24},"end":{"line":85,"column":49},"skip":true},"20":{"start":{"line":89,"column":12},"end":{"line":107,"column":13},"skip":true},"21":{"start":{"line":92,"column":16},"end":{"line":102,"column":17},"skip":true},"22":{"start":{"line":93,"column":20},"end":{"line":93,"column":86},"skip":true},"23":{"start":{"line":94,"column":20},"end":{"line":95,"column":45},"skip":true},"24":{"start":{"line":96,"column":20},"end":{"line":96,"column":42},"skip":true},"25":{"start":{"line":97,"column":20},"end":{"line":97,"column":48},"skip":true},"26":{"start":{"line":100,"column":20},"end":{"line":100,"column":85},"skip":true},"27":{"start":{"line":101,"column":20},"end":{"line":101,"column":96},"skip":true},"28":{"start":{"line":103,"column":16},"end":{"line":103,"column":22},"skip":true},"29":{"start":{"line":106,"column":16},"end":{"line":106,"column":22},"skip":true},"30":{"start":{"line":108,"column":12},"end":{"line":120,"column":13},"skip":true},"31":{"start":{"line":114,"column":16},"end":{"line":119,"column":17},"skip":true},"32":{"start":{"line":116,"column":20},"end":{"line":116,"column":78},"skip":true},"33":{"start":{"line":118,"column":20},"end":{"line":118,"column":47},"skip":true},"34":{"start":{"line":123,"column":8},"end":{"line":141,"column":11},"skip":true},"35":{"start":{"line":124,"column":12},"end":{"line":124,"column":54},"skip":true},"36":{"start":{"line":125,"column":12},"end":{"line":140,"column":14},"skip":true},"37":{"start":{"line":126,"column":16},"end":{"line":126,"column":28},"skip":true},"38":{"start":{"line":127,"column":16},"end":{"line":127,"column":69},"skip":true},"39":{"start":{"line":128,"column":16},"end":{"line":128,"column":75},"skip":true},"40":{"start":{"line":129,"column":16},"end":{"line":131,"column":17},"skip":true},"41":{"start":{"line":130,"column":20},"end":{"line":130,"column":27},"skip":true},"42":{"start":{"line":133,"column":16},"end":{"line":137,"column":36},"skip":true},"43":{"start":{"line":134,"column":20},"end":{"line":136,"column":55},"skip":true},"44":{"start":{"line":139,"column":16},"end":{"line":139,"column":57},"skip":true},"45":{"start":{"line":143,"column":8},"end":{"line":147,"column":11},"skip":true},"46":{"start":{"line":144,"column":12},"end":{"line":146,"column":15},"skip":true},"47":{"start":{"line":145,"column":16},"end":{"line":145,"column":70},"skip":true},"48":{"start":{"line":149,"column":8},"end":{"line":149,"column":31},"skip":true},"49":{"start":{"line":150,"column":8},"end":{"line":150,"column":14},"skip":true},"50":{"start":{"line":158,"column":8},"end":{"line":158,"column":31},"skip":true},"51":{"start":{"line":160,"column":8},"end":{"line":160,"column":33},"skip":true},"52":{"start":{"line":161,"column":8},"end":{"line":161,"column":37},"skip":true},"53":{"start":{"line":162,"column":8},"end":{"line":162,"column":35},"skip":true},"54":{"start":{"line":164,"column":8},"end":{"line":164,"column":50},"skip":true},"55":{"start":{"line":166,"column":8},"end":{"line":256,"column":2},"skip":true},"56":{"start":{"line":258,"column":8},"end":{"line":286,"column":9},"skip":true},"57":{"start":{"line":259,"column":12},"end":{"line":269,"column":14},"skip":true},"58":{"start":{"line":271,"column":12},"end":{"line":285,"column":19},"skip":true},"59":{"start":{"line":274,"column":20},"end":{"line":274,"column":35},"skip":true},"60":{"start":{"line":275,"column":20},"end":{"line":284,"column":21},"skip":true},"61":{"start":{"line":277,"column":24},"end":{"line":277,"column":64},"skip":true},"62":{"start":{"line":279,"column":24},"end":{"line":279,"column":40},"skip":true},"63":{"start":{"line":281,"column":24},"end":{"line":281,"column":40},"skip":true},"64":{"start":{"line":283,"column":24},"end":{"line":283,"column":39},"skip":true},"65":{"start":{"line":288,"column":8},"end":{"line":290,"column":9},"skip":true},"66":{"start":{"line":289,"column":12},"end":{"line":289,"column":18},"skip":true},"67":{"start":{"line":291,"column":8},"end":{"line":293,"column":54},"skip":true},"68":{"start":{"line":296,"column":8},"end":{"line":301,"column":37},"skip":true},"69":{"start":{"line":303,"column":8},"end":{"line":303,"column":82},"skip":true},"70":{"start":{"line":306,"column":8},"end":{"line":308,"column":9},"skip":true},"71":{"start":{"line":307,"column":12},"end":{"line":307,"column":82},"skip":true},"72":{"start":{"line":310,"column":8},"end":{"line":312,"column":9},"skip":true},"73":{"start":{"line":311,"column":12},"end":{"line":311,"column":18},"skip":true},"74":{"start":{"line":313,"column":8},"end":{"line":313,"column":54},"skip":true},"75":{"start":{"line":314,"column":8},"end":{"line":314,"column":69},"skip":true},"76":{"start":{"line":315,"column":8},"end":{"line":323,"column":36},"skip":true},"77":{"start":{"line":316,"column":12},"end":{"line":316,"column":61},"skip":true},"78":{"start":{"line":317,"column":12},"end":{"line":320,"column":13},"skip":true},"79":{"start":{"line":318,"column":16},"end":{"line":318,"column":75},"skip":true},"80":{"start":{"line":319,"column":16},"end":{"line":319,"column":23},"skip":true},"81":{"start":{"line":321,"column":12},"end":{"line":321,"column":38},"skip":true},"82":{"start":{"line":322,"column":12},"end":{"line":322,"column":27},"skip":true},"83":{"start":{"line":324,"column":8},"end":{"line":324,"column":14},"skip":true}},"branchMap":{"1":{"line":39,"type":"binary-expr","locations":[{"start":{"line":39,"column":23},"end":{"line":39,"column":62}},{"start":{"line":40,"column":20},"end":{"line":40,"column":70}},{"start":{"line":41,"column":20},"end":{"line":41,"column":71}},{"start":{"line":42,"column":20},"end":{"line":42,"column":29}}]},"2":{"line":44,"type":"binary-expr","locations":[{"start":{"line":44,"column":23},"end":{"line":44,"column":37}},{"start":{"line":45,"column":20},"end":{"line":45,"column":61}},{"start":{"line":46,"column":20},"end":{"line":46,"column":70}},{"start":{"line":47,"column":20},"end":{"line":47,"column":26}}]},"3":{"line":51,"type":"cond-expr","locations":[{"start":{"line":52,"column":14},"end":{"line":52,"column":20}},{"start":{"line":53,"column":14},"end":{"line":53,"column":20}}]},"4":{"line":55,"type":"binary-expr","locations":[{"start":{"line":55,"column":16},"end":{"line":55,"column":44}},{"start":{"line":55,"column":49},"end":{"line":57,"column":43}}]},"5":{"line":55,"type":"cond-expr","locations":[{"start":{"line":56,"column":14},"end":{"line":56,"column":59}},{"start":{"line":57,"column":14},"end":{"line":57,"column":43}}]},"6":{"line":61,"type":"switch","locations":[{"start":{"line":68,"column":4},"end":{"line":150,"column":14},"skip":true},{"start":{"line":156,"column":4},"end":{"line":324,"column":14},"skip":true}]},"7":{"line":70,"type":"if","locations":[{"start":{"line":70,"column":12},"end":{"line":70,"column":12},"skip":true},{"start":{"line":70,"column":12},"end":{"line":70,"column":12},"skip":true}]},"8":{"line":70,"type":"binary-expr","locations":[{"start":{"line":70,"column":16},"end":{"line":70,"column":22},"skip":true},{"start":{"line":70,"column":27},"end":{"line":70,"column":32},"skip":true},{"start":{"line":71,"column":20},"end":{"line":71,"column":39},"skip":true},{"start":{"line":72,"column":20},"end":{"line":72,"column":49},"skip":true},{"start":{"line":73,"column":20},"end":{"line":73,"column":58},"skip":true},{"start":{"line":74,"column":20},"end":{"line":74,"column":69},"skip":true}]},"9":{"line":79,"type":"switch","locations":[{"start":{"line":80,"column":20},"end":{"line":80,"column":33},"skip":true},{"start":{"line":81,"column":20},"end":{"line":83,"column":30},"skip":true},{"start":{"line":84,"column":20},"end":{"line":85,"column":49},"skip":true}]},"10":{"line":89,"type":"switch","locations":[{"start":{"line":90,"column":12},"end":{"line":103,"column":22},"skip":true},{"start":{"line":105,"column":12},"end":{"line":106,"column":22},"skip":true}]},"11":{"line":89,"type":"binary-expr","locations":[{"start":{"line":89,"column":20},"end":{"line":89,"column":25},"skip":true},{"start":{"line":89,"column":29},"end":{"line":89,"column":48},"skip":true},{"start":{"line":89,"column":52},"end":{"line":89,"column":74},"skip":true}]},"12":{"line":92,"type":"if","locations":[{"start":{"line":92,"column":16},"end":{"line":92,"column":16},"skip":true},{"start":{"line":92,"column":16},"end":{"line":92,"column":16},"skip":true}]},"13":{"line":108,"type":"if","locations":[{"start":{"line":108,"column":12},"end":{"line":108,"column":12},"skip":true},{"start":{"line":108,"column":12},"end":{"line":108,"column":12},"skip":true}]},"14":{"line":108,"type":"binary-expr","locations":[{"start":{"line":108,"column":16},"end":{"line":108,"column":61},"skip":true},{"start":{"line":108,"column":66},"end":{"line":108,"column":72},"skip":true},{"start":{"line":108,"column":77},"end":{"line":108,"column":82},"skip":true},{"start":{"line":109,"column":20},"end":{"line":109,"column":39},"skip":true},{"start":{"line":110,"column":20},"end":{"line":110,"column":49},"skip":true},{"start":{"line":111,"column":20},"end":{"line":111,"column":58},"skip":true},{"start":{"line":112,"column":20},"end":{"line":112,"column":68},"skip":true}]},"15":{"line":129,"type":"if","locations":[{"start":{"line":129,"column":16},"end":{"line":129,"column":16},"skip":true},{"start":{"line":129,"column":16},"end":{"line":129,"column":16},"skip":true}]},"16":{"line":134,"type":"cond-expr","locations":[{"start":{"line":135,"column":26},"end":{"line":135,"column":29},"skip":true},{"start":{"line":136,"column":26},"end":{"line":136,"column":54},"skip":true}]},"17":{"line":164,"type":"binary-expr","locations":[{"start":{"line":164,"column":27},"end":{"line":164,"column":43},"skip":true},{"start":{"line":164,"column":47},"end":{"line":164,"column":49},"skip":true}]},"18":{"line":258,"type":"if","locations":[{"start":{"line":258,"column":8},"end":{"line":258,"column":8},"skip":true},{"start":{"line":258,"column":8},"end":{"line":258,"column":8},"skip":true}]},"19":{"line":275,"type":"switch","locations":[{"start":{"line":276,"column":20},"end":{"line":277,"column":64},"skip":true},{"start":{"line":278,"column":20},"end":{"line":279,"column":40},"skip":true},{"start":{"line":280,"column":20},"end":{"line":281,"column":40},"skip":true},{"start":{"line":282,"column":20},"end":{"line":283,"column":39},"skip":true}]},"20":{"line":288,"type":"if","locations":[{"start":{"line":288,"column":8},"end":{"line":288,"column":8},"skip":true},{"start":{"line":288,"column":8},"end":{"line":288,"column":8},"skip":true}]},"21":{"line":288,"type":"binary-expr","locations":[{"start":{"line":288,"column":12},"end":{"line":288,"column":40},"skip":true},{"start":{"line":288,"column":44},"end":{"line":288,"column":67},"skip":true}]},"22":{"line":292,"type":"binary-expr","locations":[{"start":{"line":292,"column":12},"end":{"line":292,"column":50},"skip":true},{"start":{"line":293,"column":12},"end":{"line":293,"column":53},"skip":true}]},"23":{"line":297,"type":"binary-expr","locations":[{"start":{"line":297,"column":12},"end":{"line":297,"column":73},"skip":true},{"start":{"line":298,"column":12},"end":{"line":301,"column":36},"skip":true}]},"24":{"line":303,"type":"binary-expr","locations":[{"start":{"line":303,"column":43},"end":{"line":303,"column":75},"skip":true},{"start":{"line":303,"column":79},"end":{"line":303,"column":81},"skip":true}]},"25":{"line":306,"type":"if","locations":[{"start":{"line":306,"column":8},"end":{"line":306,"column":8},"skip":true},{"start":{"line":306,"column":8},"end":{"line":306,"column":8},"skip":true}]},"26":{"line":310,"type":"if","locations":[{"start":{"line":310,"column":8},"end":{"line":310,"column":8},"skip":true},{"start":{"line":310,"column":8},"end":{"line":310,"column":8},"skip":true}]},"27":{"line":313,"type":"binary-expr","locations":[{"start":{"line":313,"column":27},"end":{"line":313,"column":43},"skip":true},{"start":{"line":313,"column":47},"end":{"line":313,"column":53},"skip":true}]},"28":{"line":317,"type":"if","locations":[{"start":{"line":317,"column":12},"end":{"line":317,"column":12},"skip":true},{"start":{"line":317,"column":12},"end":{"line":317,"column":12},"skip":true}]}},"code":["/*","example.js","","quickstart example","","instruction","    1. save this script as example.js","    2. run the shell command:","        $ npm install npmtest-react-scrollbar && PORT=8081 node example.js","    3. play with the browser-demo on http://127.0.0.1:8081","*/","","","","/* istanbul instrument in package npmtest_react_scrollbar */","/*jslint","    bitwise: true,","    browser: true,","    maxerr: 8,","    maxlen: 96,","    node: true,","    nomen: true,","    regexp: true,","    stupid: true","*/","(function () {","    'use strict';","    var local;","","","","    // run shared js-env code - pre-init","    (function () {","        // init local","        local = {};","        // init modeJs","        local.modeJs = (function () {","            try {","                return typeof navigator.userAgent === 'string' &&","                    typeof document.querySelector('body') === 'object' &&","                    typeof XMLHttpRequest.prototype.open === 'function' &&","                    'browser';","            } catch (errorCaughtBrowser) {","                return module.exports &&","                    typeof process.versions.node === 'string' &&","                    typeof require('http').createServer === 'function' &&","                    'node';","            }","        }());","        // init global","        local.global = local.modeJs === 'browser'","            ? window","            : global;","        // init utility2_rollup","        local = local.global.utility2_rollup || (local.modeJs === 'browser'","            ? local.global.utility2_npmtest_react_scrollbar","            : global.utility2_moduleExports);","        // export local","        local.global.local = local;","    }());","    switch (local.modeJs) {","","","","    // post-init","    // run browser js-env code - post-init","    /* istanbul ignore next */","    case 'browser':","        local.testRunBrowser = function (event) {","            if (!event || (event &&","                    event.currentTarget &&","                    event.currentTarget.className &&","                    event.currentTarget.className.includes &&","                    event.currentTarget.className.includes('onreset'))) {","                // reset output","                Array.from(","                    document.querySelectorAll('body > .resettable')","                ).forEach(function (element) {","                    switch (element.tagName) {","                    case 'INPUT':","                    case 'TEXTAREA':","                        element.value = '';","                        break;","                    default:","                        element.textContent = '';","                    }","                });","            }","            switch (event && event.currentTarget && event.currentTarget.id) {","            case 'testRunButton1':","                // show tests","                if (document.querySelector('#testReportDiv1').style.display === 'none') {","                    document.querySelector('#testReportDiv1').style.display = 'block';","                    document.querySelector('#testRunButton1').textContent =","                        'hide internal test';","                    local.modeTest = true;","                    local.testRunDefault(local);","                // hide tests","                } else {","                    document.querySelector('#testReportDiv1').style.display = 'none';","                    document.querySelector('#testRunButton1').textContent = 'run internal test';","                }","                break;","            // custom-case","            default:","                break;","            }","            if (document.querySelector('#inputTextareaEval1') && (!event || (event &&","                    event.currentTarget &&","                    event.currentTarget.className &&","                    event.currentTarget.className.includes &&","                    event.currentTarget.className.includes('oneval')))) {","                // try to eval input-code","                try {","                    /*jslint evil: true*/","                    eval(document.querySelector('#inputTextareaEval1').value);","                } catch (errorCaught) {","                    console.error(errorCaught);","                }","            }","        };","        // log stderr and stdout to #outputTextareaStdout1","        ['error', 'log'].forEach(function (key) {","            console[key + '_original'] = console[key];","            console[key] = function () {","                var element;","                console[key + '_original'].apply(console, arguments);","                element = document.querySelector('#outputTextareaStdout1');","                if (!element) {","                    return;","                }","                // append text to #outputTextareaStdout1","                element.value += Array.from(arguments).map(function (arg) {","                    return typeof arg === 'string'","                        ? arg","                        : JSON.stringify(arg, null, 4);","                }).join(' ') + '\\n';","                // scroll textarea to bottom","                element.scrollTop = element.scrollHeight;","            };","        });","        // init event-handling","        ['change', 'click', 'keyup'].forEach(function (event) {","            Array.from(document.querySelectorAll('.on' + event)).forEach(function (element) {","                element.addEventListener(event, local.testRunBrowser);","            });","        });","        // run tests","        local.testRunBrowser();","        break;","","","","    // run node js-env code - post-init","    /* istanbul ignore next */","    case 'node':","        // export local","        module.exports = local;","        // require modules","        local.fs = require('fs');","        local.http = require('http');","        local.url = require('url');","        // init assets","        local.assetsDict = local.assetsDict || {};","        /* jslint-ignore-begin */","        local.assetsDict['/assets.index.template.html'] = '\\","<!doctype html>\\n\\","<html lang=\"en\">\\n\\","<head>\\n\\","<meta charset=\"UTF-8\">\\n\\","<meta name=\"viewport\" content=\"width=device-width, initial-scale=1\">\\n\\","<title>{{env.npm_package_name}} (v{{env.npm_package_version}})</title>\\n\\","<style>\\n\\","/*csslint\\n\\","    box-sizing: false,\\n\\","    universal-selector: false\\n\\","*/\\n\\","* {\\n\\","    box-sizing: border-box;\\n\\","}\\n\\","body {\\n\\","    background: #dde;\\n\\","    font-family: Arial, Helvetica, sans-serif;\\n\\","    margin: 2rem;\\n\\","}\\n\\","body > * {\\n\\","    margin-bottom: 1rem;\\n\\","}\\n\\",".utility2FooterDiv {\\n\\","    margin-top: 20px;\\n\\","    text-align: center;\\n\\","}\\n\\","</style>\\n\\","<style>\\n\\","/*csslint\\n\\","*/\\n\\","textarea {\\n\\","    font-family: monospace;\\n\\","    height: 10rem;\\n\\","    width: 100%;\\n\\","}\\n\\","textarea[readonly] {\\n\\","    background: #ddd;\\n\\","}\\n\\","</style>\\n\\","</head>\\n\\","<body>\\n\\","<!-- utility2-comment\\n\\","<div id=\"ajaxProgressDiv1\" style=\"background: #d00; height: 2px; left: 0; margin: 0; padding: 0; position: fixed; top: 0; transition: background 0.5s, width 1.5s; width: 25%;\"></div>\\n\\","utility2-comment -->\\n\\","<h1>\\n\\","<!-- utility2-comment\\n\\","    <a\\n\\","        {{#if env.npm_package_homepage}}\\n\\","        href=\"{{env.npm_package_homepage}}\"\\n\\","        {{/if env.npm_package_homepage}}\\n\\","        target=\"_blank\"\\n\\","    >\\n\\","utility2-comment -->\\n\\","        {{env.npm_package_name}} (v{{env.npm_package_version}})\\n\\","<!-- utility2-comment\\n\\","    </a>\\n\\","utility2-comment -->\\n\\","</h1>\\n\\","<h3>{{env.npm_package_description}}</h3>\\n\\","<!-- utility2-comment\\n\\","<h4><a download href=\"assets.app.js\">download standalone app</a></h4>\\n\\","<button class=\"onclick onreset\" id=\"testRunButton1\">run internal test</button><br>\\n\\","<div id=\"testReportDiv1\" style=\"display: none;\"></div>\\n\\","utility2-comment -->\\n\\","\\n\\","\\n\\","\\n\\","<label>stderr and stdout</label>\\n\\","<textarea class=\"resettable\" id=\"outputTextareaStdout1\" readonly></textarea>\\n\\","<!-- utility2-comment\\n\\","{{#if isRollup}}\\n\\","<script src=\"assets.app.js\"></script>\\n\\","{{#unless isRollup}}\\n\\","utility2-comment -->\\n\\","<script src=\"assets.utility2.rollup.js\"></script>\\n\\","<script src=\"jsonp.utility2._stateInit?callback=window.utility2._stateInit\"></script>\\n\\","<script src=\"assets.npmtest_react_scrollbar.rollup.js\"></script>\\n\\","<script src=\"assets.example.js\"></script>\\n\\","<script src=\"assets.test.js\"></script>\\n\\","<!-- utility2-comment\\n\\","{{/if isRollup}}\\n\\","utility2-comment -->\\n\\","<div class=\"utility2FooterDiv\">\\n\\","    [ this app was created with\\n\\","    <a href=\"https://github.com/kaizhu256/node-utility2\" target=\"_blank\">utility2</a>\\n\\","    ]\\n\\","</div>\\n\\","</body>\\n\\","</html>\\n\\","';","        /* jslint-ignore-end */","        if (local.templateRender) {","            local.assetsDict['/'] = local.templateRender(","                local.assetsDict['/assets.index.template.html'],","                {","                    env: local.objectSetDefault(local.env, {","                        npm_package_description: 'the greatest app in the world!',","                        npm_package_name: 'my-app',","                        npm_package_nameAlias: 'my_app',","                        npm_package_version: '0.0.1'","                    })","                }","            );","        } else {","            local.assetsDict['/'] = local.assetsDict['/assets.index.template.html']","                .replace((/\\{\\{env\\.(\\w+?)\\}\\}/g), function (match0, match1) {","                    // jslint-hack","                    String(match0);","                    switch (match1) {","                    case 'npm_package_description':","                        return 'the greatest app in the world!';","                    case 'npm_package_name':","                        return 'my-app';","                    case 'npm_package_nameAlias':","                        return 'my_app';","                    case 'npm_package_version':","                        return '0.0.1';","                    }","                });","        }","        // run the cli","        if (local.global.utility2_rollup || module !== require.main) {","            break;","        }","        local.assetsDict['/assets.example.js'] =","            local.assetsDict['/assets.example.js'] ||","            local.fs.readFileSync(__filename, 'utf8');","        // bug-workaround - long $npm_package_buildCustomOrg","        /* jslint-ignore-begin */","        local.assetsDict['/assets.npmtest_react_scrollbar.rollup.js'] =","            local.assetsDict['/assets.npmtest_react_scrollbar.rollup.js'] ||","            local.fs.readFileSync(","                local.npmtest_react_scrollbar.__dirname + '/lib.npmtest_react_scrollbar.js',","                'utf8'","            ).replace((/^#!/), '//');","        /* jslint-ignore-end */","        local.assetsDict['/favicon.ico'] = local.assetsDict['/favicon.ico'] || '';","        // if $npm_config_timeout_exit exists,","        // then exit this process after $npm_config_timeout_exit ms","        if (Number(process.env.npm_config_timeout_exit)) {","            setTimeout(process.exit, Number(process.env.npm_config_timeout_exit));","        }","        // start server","        if (local.global.utility2_serverHttp1) {","            break;","        }","        process.env.PORT = process.env.PORT || '8081';","        console.error('server starting on port ' + process.env.PORT);","        local.http.createServer(function (request, response) {","            request.urlParsed = local.url.parse(request.url);","            if (local.assetsDict[request.urlParsed.pathname] !== undefined) {","                response.end(local.assetsDict[request.urlParsed.pathname]);","                return;","            }","            response.statusCode = 404;","            response.end();","        }).listen(process.env.PORT);","        break;","    }","}());",""],"l":{"26":2,"28":2,"33":2,"35":2,"37":2,"38":2,"39":2,"44":1,"51":2,"55":2,"59":2,"61":2,"69":1,"70":2,"76":2,"79":2,"82":2,"83":2,"85":1,"89":2,"92":1,"93":1,"94":1,"96":1,"97":1,"100":1,"101":1,"103":1,"106":1,"108":2,"114":1,"116":1,"118":1,"123":1,"124":2,"125":2,"126":3,"127":3,"128":3,"129":3,"130":1,"133":3,"134":3,"139":3,"143":1,"144":3,"145":1,"149":1,"150":1,"158":1,"160":1,"161":1,"162":1,"164":1,"166":1,"258":1,"259":1,"271":1,"274":6,"275":6,"277":1,"279":2,"281":1,"283":2,"288":1,"289":1,"291":1,"296":1,"303":1,"306":1,"307":1,"310":1,"311":1,"313":1,"314":1,"315":1,"316":1,"317":1,"318":1,"319":1,"321":1,"322":1,"324":1}},"/home/travis/build/npmtest/node-npmtest-react-scrollbar/node_modules/react-scrollbar/dist/scrollArea.js":{"path":"/home/travis/build/npmtest/node-npmtest-react-scrollbar/node_modules/react-scrollbar/dist/scrollArea.js","s":{"1":2,"2":2,"3":2,"4":1,"5":10,"6":0,"7":10,"8":10,"9":2,"10":2,"11":1,"12":0,"13":2,"14":0,"15":0,"16":0,"17":0,"18":0,"19":0,"20":0,"21":0,"22":0,"23":0,"24":0,"25":0,"26":0,"27":0,"28":0,"29":0,"30":0,"31":0,"32":0,"33":0,"34":0,"35":0,"36":0,"37":0,"38":0,"39":0,"40":0,"41":0,"42":0,"43":0,"44":0,"45":0,"46":0,"47":0,"48":0,"49":0,"50":0,"51":0,"52":1,"53":0,"54":0,"55":0,"56":0,"57":0,"58":1,"59":0,"60":0,"61":0,"62":0,"63":0,"64":0,"65":0,"66":0,"67":0,"68":1,"69":0,"70":0,"71":0,"72":0,"73":0,"74":1,"75":0,"76":0,"77":0,"78":0,"79":0,"80":1,"81":0,"82":1,"83":0,"84":1,"85":0,"86":1,"87":0,"88":1,"89":0,"90":1,"91":0,"92":0,"93":0,"94":0,"95":0,"96":1,"97":0,"98":0,"99":0,"100":0,"101":0,"102":0,"103":0,"104":0,"105":1,"106":0,"107":0,"108":0,"109":0,"110":0,"111":0,"112":0,"113":0,"114":0,"115":0,"116":0,"117":0,"118":0,"119":0,"120":1,"121":0,"122":1,"123":0,"124":0,"125":1,"126":0,"127":0,"128":0,"129":1,"130":0,"131":0,"132":0,"133":0,"134":0,"135":0,"136":0,"137":0,"138":0,"139":0,"140":0,"141":0,"142":1,"143":0,"144":0,"145":0,"146":0,"147":0,"148":1,"149":0,"150":0,"151":0,"152":0,"153":0,"154":0,"155":0,"156":0,"157":0,"158":0,"159":0,"160":0,"161":0,"162":0,"163":0,"164":0,"165":0,"166":0,"167":0,"168":0,"169":0,"170":0,"171":0,"172":0,"173":0,"174":0,"175":0,"176":0,"177":0,"178":0,"179":0,"180":0,"181":0,"182":0,"183":0,"184":0,"185":0,"186":0,"187":0,"188":0,"189":0,"190":0,"191":0,"192":0,"193":0,"194":0,"195":0,"196":0,"197":0,"198":0,"199":0,"200":0,"201":0,"202":0,"203":0,"204":0,"205":0,"206":0,"207":0,"208":0,"209":0,"210":0,"211":0,"212":0,"213":0,"214":0,"215":0,"216":0,"217":0,"218":0,"219":0,"220":0,"221":0,"222":0,"223":0,"224":0,"225":0,"226":0,"227":0,"228":0,"229":0,"230":0,"231":0,"232":0,"233":0,"234":0,"235":0,"236":0,"237":0,"238":0,"239":0,"240":0,"241":0,"242":0,"243":0,"244":0,"245":1,"246":0,"247":1,"248":0,"249":0,"250":1,"251":0,"252":0,"253":0,"254":1,"255":0,"256":0,"257":0,"258":0,"259":0,"260":0,"261":0,"262":0,"263":0,"264":0,"265":1,"266":0,"267":0,"268":0,"269":0,"270":0,"271":1,"272":0,"273":0,"274":0,"275":0,"276":0,"277":0,"278":0,"279":0,"280":0,"281":0,"282":0,"283":0,"284":0,"285":0,"286":0,"287":0,"288":0,"289":0,"290":0,"291":0,"292":0,"293":0,"294":0,"295":0,"296":0,"297":0,"298":0,"299":0,"300":0,"301":0,"302":0,"303":0,"304":0,"305":0,"306":0,"307":0,"308":0,"309":0,"310":0,"311":0,"312":0,"313":2,"314":2,"315":2,"316":2,"317":0,"318":0,"319":0,"320":0,"321":0,"322":0,"323":0,"324":0,"325":0,"326":0,"327":0,"328":1,"329":0,"330":0,"331":0,"332":0,"333":0,"334":0,"335":0,"336":0,"337":0,"338":0,"339":0,"340":0,"341":0,"342":0,"343":0,"344":0,"345":1,"346":0,"347":1,"348":0,"349":1,"350":0,"351":0,"352":0,"353":0,"354":0,"355":0,"356":0,"357":0,"358":0,"359":1,"360":0,"361":0,"362":0,"363":0,"364":0,"365":0,"366":0,"367":0,"368":0,"369":1,"370":0,"371":1,"372":0,"373":0,"374":0,"375":0,"376":0,"377":0,"378":0,"379":0,"380":1,"381":0,"382":1,"383":0,"384":0,"385":0,"386":0,"387":0,"388":0,"389":0,"390":0,"391":0,"392":0,"393":0,"394":0,"395":0,"396":0,"397":0,"398":0,"399":0,"400":0,"401":0,"402":0,"403":1,"404":0,"405":0,"406":0,"407":0,"408":0,"409":0,"410":0,"411":0,"412":0,"413":0,"414":0,"415":0,"416":0,"417":0,"418":0,"419":0,"420":0,"421":0,"422":0,"423":0,"424":0,"425":0,"426":0,"427":0,"428":0,"429":0,"430":0,"431":0,"432":0,"433":0,"434":0,"435":0,"436":0,"437":0,"438":0,"439":0,"440":0,"441":0,"442":0,"443":0,"444":0,"445":0,"446":0,"447":1,"448":0,"449":1,"450":0,"451":0,"452":0,"453":0,"454":0,"455":0,"456":0,"457":0,"458":0,"459":0,"460":0,"461":0,"462":0,"463":0,"464":0,"465":0,"466":0,"467":0,"468":0,"469":0,"470":0,"471":0,"472":0,"473":0,"474":0,"475":0,"476":0,"477":0,"478":0,"479":0,"480":0,"481":0,"482":0,"483":0,"484":0,"485":0,"486":0,"487":0,"488":0,"489":0,"490":0,"491":0,"492":0,"493":0,"494":0,"495":0,"496":0,"497":0,"498":0,"499":1,"500":0,"501":1,"502":0,"503":0,"504":0,"505":0,"506":0,"507":0,"508":0,"509":1,"510":0,"511":0,"512":0,"513":0,"514":0,"515":0,"516":0,"517":0,"518":0,"519":1,"520":0,"521":0,"522":0,"523":0,"524":0,"525":0,"526":0,"527":0,"528":0,"529":0,"530":0,"531":0,"532":0,"533":0,"534":0,"535":0,"536":0,"537":0,"538":0,"539":0,"540":0,"541":0,"542":0,"543":0,"544":0,"545":0,"546":0,"547":0,"548":0,"549":0,"550":0,"551":0,"552":0,"553":0,"554":0,"555":0,"556":0,"557":0,"558":0,"559":0,"560":0,"561":0,"562":0,"563":0,"564":0,"565":0,"566":0,"567":0,"568":0,"569":0,"570":0,"571":0,"572":0,"573":0,"574":0,"575":0,"576":0,"577":0,"578":0,"579":0,"580":0,"581":0,"582":0,"583":0,"584":0,"585":0,"586":0,"587":0,"588":0,"589":0,"590":0,"591":1,"592":0,"593":0,"594":0,"595":0,"596":0,"597":0,"598":0,"599":0,"600":0,"601":0,"602":0,"603":0,"604":0,"605":0,"606":0,"607":0,"608":0,"609":0,"610":0,"611":0,"612":0,"613":0,"614":0,"615":0,"616":0,"617":0,"618":0,"619":0,"620":0,"621":0,"622":0,"623":0,"624":0,"625":0,"626":1,"627":0,"628":0,"629":1,"630":0,"631":1,"632":0,"633":0,"634":0,"635":0,"636":0,"637":0,"638":0,"639":0,"640":0,"641":0,"642":0,"643":1,"644":0,"645":0,"646":0,"647":0,"648":0,"649":0,"650":0,"651":0,"652":0,"653":0,"654":0,"655":1,"656":0,"657":0,"658":0,"659":0,"660":1,"661":0,"662":0,"663":0,"664":0,"665":0,"666":0,"667":1,"668":0,"669":0,"670":0,"671":1,"672":0,"673":0,"674":1,"675":0,"676":0,"677":1,"678":0,"679":0,"680":0,"681":0,"682":0,"683":0,"684":0,"685":0,"686":0,"687":0,"688":0,"689":0,"690":0,"691":1,"692":0,"693":0,"694":0,"695":0,"696":0,"697":1,"698":0,"699":0,"700":0,"701":0,"702":0,"703":0,"704":1,"705":0,"706":0,"707":0,"708":0,"709":2,"710":4,"711":4,"712":2,"713":2,"714":0,"715":2,"716":2,"717":0,"718":0,"719":0,"720":0,"721":0,"722":0,"723":0,"724":0,"725":0,"726":0,"727":0,"728":0,"729":0,"730":0,"731":2,"732":2,"733":2,"734":0,"735":2,"736":2,"737":2,"738":0},"b":{"1":[2,0],"2":[2,2],"3":[0,0],"4":[0,0],"5":[0,0],"6":[0,10],"7":[0,0],"8":[0,0],"9":[0,0],"10":[0,0,0],"11":[0,0],"12":[0,0,0],"13":[0,0],"14":[0,0],"15":[0,0],"16":[0,0],"17":[0,0],"18":[0,0],"19":[0,0],"20":[0,0],"21":[0,0],"22":[0,0],"23":[0,0],"24":[0,0],"25":[0,0],"26":[0,0],"27":[0,0],"28":[0,0],"29":[0,0],"30":[0,0],"31":[0,0],"32":[0,0],"33":[0,0,0],"34":[0,0,0],"35":[0,0],"36":[0,0],"37":[0,0],"38":[0,0],"39":[0,0],"40":[0,0],"41":[0,0],"42":[0,0],"43":[0,0],"44":[0,0],"45":[0,0],"46":[0,0],"47":[0,0],"48":[0,0,0],"49":[0,0],"50":[0,0],"51":[0,0],"52":[0,0],"53":[0,0],"54":[0,0],"55":[0,0],"56":[0,0],"57":[0,0,0,0],"58":[0,0],"59":[0,0],"60":[0,0],"61":[0,0],"62":[0,0],"63":[0,0],"64":[0,0],"65":[0,0],"66":[0,0],"67":[0,0,0,0,0],"68":[0,0],"69":[0,0],"70":[0,0],"71":[0,0],"72":[0,0],"73":[0,0],"74":[0,0],"75":[0,0],"76":[0,0],"77":[0,0],"78":[0,0],"79":[0,0],"80":[0,0],"81":[0,0],"82":[0,0,0,0,0,0],"83":[0,0],"84":[0,0],"85":[0,0,0,0,0,0],"86":[0,0],"87":[0,0],"88":[0,0],"89":[0,0],"90":[0,0],"91":[0,0],"92":[0,0],"93":[0,0],"94":[0,0,0],"95":[0,0],"96":[0,0],"97":[0,0],"98":[0,0],"99":[0,0],"100":[0,0],"101":[0,0],"102":[0,0],"103":[0,0],"104":[0,0],"105":[0,0],"106":[0,0],"107":[0,0],"108":[0,0],"109":[0,0],"110":[0,0],"111":[0,0],"112":[0,0],"113":[0,0],"114":[0,0],"115":[0,0],"116":[0,0],"117":[0,0,0],"118":[0,0],"119":[0,0],"120":[0,0],"121":[0,0],"122":[0,0],"123":[0,0],"124":[0,0],"125":[0,0],"126":[0,0],"127":[0,0],"128":[0,0],"129":[0,0],"130":[0,0],"131":[0,0],"132":[0,0],"133":[0,0],"134":[0,0],"135":[0,0],"136":[0,0],"137":[0,0],"138":[0,0],"139":[0,0],"140":[0,0],"141":[0,0],"142":[0,0],"143":[0,0],"144":[0,0],"145":[0,0],"146":[0,0],"147":[0,0],"148":[0,0,0],"149":[0,0],"150":[0,0],"151":[0,0],"152":[0,0],"153":[0,0],"154":[0,0],"155":[0,0],"156":[0,0],"157":[0,0],"158":[0,0],"159":[0,0],"160":[0,0],"161":[0,0],"162":[0,0,0],"163":[0,0],"164":[0,0],"165":[0,0,0],"166":[0,0,0],"167":[0,0],"168":[0,0],"169":[0,0],"170":[0,0],"171":[0,0],"172":[0,0],"173":[0,0],"174":[0,0,0],"175":[0,0],"176":[0,0],"177":[0,0],"178":[0,0],"179":[0,0],"180":[0,0],"181":[0,0],"182":[0,0],"183":[0,0],"184":[0,0],"185":[0,0,0],"186":[0,0],"187":[0,0],"188":[0,0],"189":[0,0],"190":[0,0],"191":[0,0],"192":[0,0],"193":[0,0],"194":[0,0],"195":[0,0],"196":[0,0],"197":[0,0],"198":[0,0],"199":[0,0],"200":[0,0],"201":[0,0],"202":[0,0],"203":[0,0],"204":[0,0],"205":[0,0],"206":[0,0],"207":[0,0],"208":[0,0],"209":[0,0],"210":[0,0],"211":[0,0],"212":[0,0],"213":[0,0],"214":[0,0],"215":[0,0],"216":[0,0],"217":[0,0],"218":[0,0],"219":[0,0],"220":[0,0],"221":[0,0],"222":[0,0],"223":[0,0],"224":[0,0],"225":[0,0],"226":[0,0],"227":[0,0],"228":[0,0],"229":[0,0],"230":[0,0],"231":[0,0],"232":[0,0],"233":[0,0],"234":[0,0],"235":[0,0],"236":[0,0],"237":[0,0],"238":[0,0],"239":[0,0],"240":[0,0],"241":[0,0],"242":[0,0],"243":[0,0],"244":[0,0],"245":[0,0],"246":[0,0],"247":[0,0],"248":[0,0],"249":[0,0],"250":[0,0],"251":[0,0],"252":[0,0],"253":[0,0],"254":[0,0],"255":[0,0],"256":[0,0],"257":[0,0],"258":[0,0],"259":[0,0],"260":[0,0],"261":[0,0],"262":[0,0],"263":[0,0],"264":[0,0],"265":[0,0],"266":[0,0],"267":[0,0],"268":[0,0],"269":[0,0],"270":[0,0],"271":[0,0],"272":[0,0],"273":[0,0],"274":[0,0],"275":[0,0],"276":[0,0],"277":[0,0],"278":[0,0,0,0,0,0],"279":[0,0],"280":[0,0],"281":[0,0],"282":[0,0,0],"283":[0,0],"284":[0,0],"285":[0,0],"286":[0,0],"287":[0,0],"288":[0,0],"289":[0,0],"290":[0,0],"291":[2,2],"292":[0,0],"293":[2,0],"294":[2,2],"295":[0,0],"296":[0,0],"297":[0,0],"298":[2,0],"299":[0,0]},"f":{"1":2,"2":2,"3":2,"4":10,"5":2,"6":0,"7":0,"8":0,"9":0,"10":0,"11":0,"12":0,"13":0,"14":0,"15":0,"16":0,"17":0,"18":0,"19":0,"20":0,"21":0,"22":0,"23":0,"24":0,"25":0,"26":0,"27":0,"28":0,"29":0,"30":0,"31":0,"32":0,"33":0,"34":0,"35":0,"36":0,"37":0,"38":0,"39":0,"40":0,"41":0,"42":0,"43":0,"44":0,"45":0,"46":0,"47":0,"48":0,"49":0,"50":0,"51":0,"52":0,"53":0,"54":0,"55":0,"56":0,"57":0,"58":0,"59":0,"60":0,"61":0,"62":0,"63":0,"64":0,"65":0,"66":0,"67":0,"68":0,"69":0,"70":0,"71":0,"72":0,"73":0,"74":0,"75":0,"76":0,"77":0,"78":0,"79":0,"80":0,"81":0,"82":0,"83":0,"84":0,"85":0,"86":0,"87":0,"88":0,"89":0,"90":0,"91":0,"92":0,"93":0,"94":0,"95":0,"96":0,"97":0,"98":0,"99":0,"100":0,"101":0,"102":0,"103":0,"104":0,"105":0,"106":0,"107":0,"108":0,"109":0,"110":0,"111":0,"112":0,"113":0,"114":0,"115":0,"116":0,"117":0,"118":0,"119":0,"120":0,"121":0,"122":0,"123":0,"124":0,"125":0,"126":0,"127":0,"128":0,"129":0,"130":0,"131":0,"132":0,"133":2,"134":2,"135":2,"136":0,"137":0,"138":0,"139":0,"140":0,"141":0,"142":0,"143":0,"144":0,"145":0,"146":0,"147":0,"148":0,"149":0,"150":0,"151":0,"152":0,"153":0,"154":0,"155":0,"156":0,"157":0,"158":0,"159":0,"160":0,"161":0,"162":0,"163":0,"164":0,"165":0,"166":0,"167":0,"168":0,"169":0,"170":0,"171":0,"172":0,"173":0,"174":0,"175":0,"176":0,"177":0,"178":0,"179":0,"180":0,"181":0,"182":0,"183":0,"184":0,"185":0,"186":0,"187":0,"188":0,"189":0,"190":0,"191":0,"192":0,"193":0,"194":0,"195":0,"196":0,"197":0,"198":0,"199":0,"200":0,"201":0,"202":0,"203":0,"204":0,"205":0,"206":0,"207":0,"208":0,"209":0,"210":0,"211":0,"212":0,"213":2,"214":0,"215":0,"216":0,"217":0,"218":0,"219":0,"220":0,"221":0,"222":0,"223":0,"224":0,"225":0,"226":0,"227":4,"228":2,"229":2,"230":0,"231":2,"232":0,"233":2,"234":0,"235":2},"fnMap":{"1":{"name":"(anonymous_1)","line":1,"loc":{"start":{"line":1,"column":1},"end":{"line":1,"column":14}}},"2":{"name":"(anonymous_2)","line":1,"loc":{"start":{"line":1,"column":252},"end":{"line":1,"column":263}}},"3":{"name":"(anonymous_3)","line":1,"loc":{"start":{"line":1,"column":271},"end":{"line":1,"column":282}}},"4":{"name":"t","line":1,"loc":{"start":{"line":1,"column":283},"end":{"line":1,"column":296}}},"5":{"name":"(anonymous_5)","line":1,"loc":{"start":{"line":1,"column":470},"end":{"line":1,"column":485}}},"6":{"name":"o","line":1,"loc":{"start":{"line":1,"column":499},"end":{"line":1,"column":512}}},"7":{"name":"(anonymous_7)","line":1,"loc":{"start":{"line":1,"column":645},"end":{"line":1,"column":658}}},"8":{"name":"(anonymous_8)","line":1,"loc":{"start":{"line":1,"column":672},"end":{"line":1,"column":687}}},"9":{"name":"(anonymous_9)","line":1,"loc":{"start":{"line":1,"column":689},"end":{"line":1,"column":700}}},"10":{"name":"(anonymous_10)","line":1,"loc":{"start":{"line":1,"column":702},"end":{"line":1,"column":712}}},"11":{"name":"(anonymous_11)","line":1,"loc":{"start":{"line":1,"column":802},"end":{"line":1,"column":812}}},"12":{"name":"(anonymous_12)","line":1,"loc":{"start":{"line":1,"column":892},"end":{"line":1,"column":902}}},"13":{"name":"(anonymous_13)","line":1,"loc":{"start":{"line":1,"column":935},"end":{"line":1,"column":945}}},"14":{"name":"(anonymous_14)","line":1,"loc":{"start":{"line":1,"column":1007},"end":{"line":1,"column":1017}}},"15":{"name":"(anonymous_15)","line":1,"loc":{"start":{"line":1,"column":1064},"end":{"line":1,"column":1074}}},"16":{"name":"(anonymous_16)","line":1,"loc":{"start":{"line":1,"column":1159},"end":{"line":1,"column":1174}}},"17":{"name":"(anonymous_17)","line":1,"loc":{"start":{"line":1,"column":1176},"end":{"line":1,"column":1187}}},"18":{"name":"(anonymous_18)","line":1,"loc":{"start":{"line":1,"column":1466},"end":{"line":1,"column":1477}}},"19":{"name":"(anonymous_19)","line":1,"loc":{"start":{"line":1,"column":1544},"end":{"line":1,"column":1554}}},"20":{"name":"(anonymous_20)","line":1,"loc":{"start":{"line":1,"column":1670},"end":{"line":1,"column":1680}}},"21":{"name":"(anonymous_21)","line":1,"loc":{"start":{"line":1,"column":1767},"end":{"line":1,"column":1778}}},"22":{"name":"(anonymous_22)","line":1,"loc":{"start":{"line":1,"column":1854},"end":{"line":1,"column":1865}}},"23":{"name":"(anonymous_23)","line":1,"loc":{"start":{"line":1,"column":1903},"end":{"line":1,"column":1913}}},"24":{"name":"(anonymous_24)","line":1,"loc":{"start":{"line":1,"column":1955},"end":{"line":1,"column":1965}}},"25":{"name":"(anonymous_25)","line":1,"loc":{"start":{"line":1,"column":2027},"end":{"line":1,"column":2037}}},"26":{"name":"(anonymous_26)","line":1,"loc":{"start":{"line":1,"column":2055},"end":{"line":1,"column":2068}}},"27":{"name":"n","line":1,"loc":{"start":{"line":1,"column":2082},"end":{"line":1,"column":2095}}},"28":{"name":"(anonymous_28)","line":1,"loc":{"start":{"line":1,"column":2230},"end":{"line":1,"column":2243}}},"29":{"name":"n","line":1,"loc":{"start":{"line":1,"column":2257},"end":{"line":1,"column":2274}}},"30":{"name":"(anonymous_30)","line":1,"loc":{"start":{"line":1,"column":2478},"end":{"line":1,"column":2491}}},"31":{"name":"n","line":1,"loc":{"start":{"line":1,"column":2505},"end":{"line":1,"column":2530}}},"32":{"name":"(anonymous_32)","line":1,"loc":{"start":{"line":1,"column":2710},"end":{"line":1,"column":2723}}},"33":{"name":"n","line":1,"loc":{"start":{"line":1,"column":2737},"end":{"line":1,"column":2750}}},"34":{"name":"(anonymous_34)","line":1,"loc":{"start":{"line":1,"column":2919},"end":{"line":1,"column":2934}}},"35":{"name":"o","line":1,"loc":{"start":{"line":1,"column":2948},"end":{"line":1,"column":2961}}},"36":{"name":"r","line":1,"loc":{"start":{"line":1,"column":2999},"end":{"line":1,"column":3012}}},"37":{"name":"i","line":1,"loc":{"start":{"line":1,"column":3049},"end":{"line":1,"column":3061}}},"38":{"name":"a","line":1,"loc":{"start":{"line":1,"column":3191},"end":{"line":1,"column":3203}}},"39":{"name":"l","line":1,"loc":{"start":{"line":1,"column":3305},"end":{"line":1,"column":3318}}},"40":{"name":"s","line":1,"loc":{"start":{"line":1,"column":3334},"end":{"line":1,"column":3347}}},"41":{"name":"(anonymous_41)","line":1,"loc":{"start":{"line":1,"column":3409},"end":{"line":1,"column":3420}}},"42":{"name":"u","line":1,"loc":{"start":{"line":1,"column":3496},"end":{"line":1,"column":3509}}},"43":{"name":"(anonymous_43)","line":1,"loc":{"start":{"line":1,"column":3847},"end":{"line":1,"column":3860}}},"44":{"name":"(anonymous_44)","line":1,"loc":{"start":{"line":1,"column":4060},"end":{"line":1,"column":4075}}},"45":{"name":"o","line":1,"loc":{"start":{"line":1,"column":4089},"end":{"line":1,"column":4102}}},"46":{"name":"(anonymous_46)","line":1,"loc":{"start":{"line":1,"column":4335},"end":{"line":1,"column":4350}}},"47":{"name":"o","line":1,"loc":{"start":{"line":1,"column":4364},"end":{"line":1,"column":4377}}},"48":{"name":"r","line":1,"loc":{"start":{"line":1,"column":4415},"end":{"line":1,"column":4430}}},"49":{"name":"i","line":1,"loc":{"start":{"line":1,"column":4509},"end":{"line":1,"column":4524}}},"50":{"name":"a","line":1,"loc":{"start":{"line":1,"column":4672},"end":{"line":1,"column":4687}}},"51":{"name":"(anonymous_51)","line":1,"loc":{"start":{"line":1,"column":5102},"end":{"line":1,"column":5113}}},"52":{"name":"(anonymous_52)","line":1,"loc":{"start":{"line":1,"column":5131},"end":{"line":1,"column":5142}}},"53":{"name":"(anonymous_53)","line":1,"loc":{"start":{"line":1,"column":5261},"end":{"line":1,"column":5272}}},"54":{"name":"(anonymous_54)","line":1,"loc":{"start":{"line":1,"column":5410},"end":{"line":1,"column":5420}}},"55":{"name":"e","line":1,"loc":{"start":{"line":1,"column":5421},"end":{"line":1,"column":5436}}},"56":{"name":"(anonymous_56)","line":1,"loc":{"start":{"line":1,"column":5594},"end":{"line":1,"column":5609}}},"57":{"name":"(anonymous_57)","line":1,"loc":{"start":{"line":1,"column":5818},"end":{"line":1,"column":5829}}},"58":{"name":"t","line":1,"loc":{"start":{"line":1,"column":5830},"end":{"line":1,"column":5843}}},"59":{"name":"(anonymous_59)","line":1,"loc":{"start":{"line":1,"column":6049},"end":{"line":1,"column":6059}}},"60":{"name":"(anonymous_60)","line":1,"loc":{"start":{"line":1,"column":6091},"end":{"line":1,"column":6101}}},"61":{"name":"(anonymous_61)","line":1,"loc":{"start":{"line":1,"column":6130},"end":{"line":1,"column":6140}}},"62":{"name":"(anonymous_62)","line":1,"loc":{"start":{"line":1,"column":6169},"end":{"line":1,"column":6180}}},"63":{"name":"(anonymous_63)","line":1,"loc":{"start":{"line":1,"column":6208},"end":{"line":1,"column":6218}}},"64":{"name":"(anonymous_64)","line":1,"loc":{"start":{"line":1,"column":6247},"end":{"line":1,"column":6257}}},"65":{"name":"(anonymous_65)","line":1,"loc":{"start":{"line":1,"column":6285},"end":{"line":1,"column":6296}}},"66":{"name":"(anonymous_66)","line":1,"loc":{"start":{"line":1,"column":6482},"end":{"line":1,"column":6492}}},"67":{"name":"(anonymous_67)","line":1,"loc":{"start":{"line":1,"column":6561},"end":{"line":1,"column":6571}}},"68":{"name":"(anonymous_68)","line":1,"loc":{"start":{"line":1,"column":6804},"end":{"line":1,"column":6814}}},"69":{"name":"(anonymous_69)","line":1,"loc":{"start":{"line":1,"column":6960},"end":{"line":1,"column":6970}}},"70":{"name":"(anonymous_70)","line":1,"loc":{"start":{"line":1,"column":7016},"end":{"line":1,"column":7026}}},"71":{"name":"(anonymous_71)","line":1,"loc":{"start":{"line":1,"column":8531},"end":{"line":1,"column":8542}}},"72":{"name":"(anonymous_72)","line":1,"loc":{"start":{"line":1,"column":8619},"end":{"line":1,"column":8630}}},"73":{"name":"(anonymous_73)","line":1,"loc":{"start":{"line":1,"column":8673},"end":{"line":1,"column":8684}}},"74":{"name":"(anonymous_74)","line":1,"loc":{"start":{"line":1,"column":8803},"end":{"line":1,"column":8814}}},"75":{"name":"(anonymous_75)","line":1,"loc":{"start":{"line":1,"column":9109},"end":{"line":1,"column":9122}}},"76":{"name":"(anonymous_76)","line":1,"loc":{"start":{"line":1,"column":9236},"end":{"line":1,"column":9247}}},"77":{"name":"(anonymous_77)","line":1,"loc":{"start":{"line":1,"column":9447},"end":{"line":1,"column":9458}}},"78":{"name":"(anonymous_78)","line":1,"loc":{"start":{"line":1,"column":9840},"end":{"line":1,"column":9851}}},"79":{"name":"(anonymous_79)","line":1,"loc":{"start":{"line":1,"column":10175},"end":{"line":1,"column":10188}}},"80":{"name":"(anonymous_80)","line":1,"loc":{"start":{"line":1,"column":10285},"end":{"line":1,"column":10296}}},"81":{"name":"(anonymous_81)","line":1,"loc":{"start":{"line":1,"column":10361},"end":{"line":1,"column":10372}}},"82":{"name":"(anonymous_82)","line":1,"loc":{"start":{"line":1,"column":10418},"end":{"line":1,"column":10429}}},"83":{"name":"(anonymous_83)","line":1,"loc":{"start":{"line":1,"column":10919},"end":{"line":1,"column":10930}}},"84":{"name":"(anonymous_84)","line":1,"loc":{"start":{"line":1,"column":11367},"end":{"line":1,"column":11377}}},"85":{"name":"(anonymous_85)","line":1,"loc":{"start":{"line":1,"column":11500},"end":{"line":1,"column":11513}}},"86":{"name":"(anonymous_86)","line":1,"loc":{"start":{"line":1,"column":11728},"end":{"line":1,"column":11741}}},"87":{"name":"(anonymous_87)","line":1,"loc":{"start":{"line":1,"column":11846},"end":{"line":1,"column":11859}}},"88":{"name":"(anonymous_88)","line":1,"loc":{"start":{"line":1,"column":11967},"end":{"line":1,"column":11980}}},"89":{"name":"(anonymous_89)","line":1,"loc":{"start":{"line":1,"column":12107},"end":{"line":1,"column":12120}}},"90":{"name":"(anonymous_90)","line":1,"loc":{"start":{"line":1,"column":12231},"end":{"line":1,"column":12241}}},"91":{"name":"(anonymous_91)","line":1,"loc":{"start":{"line":1,"column":12455},"end":{"line":1,"column":12465}}},"92":{"name":"(anonymous_92)","line":1,"loc":{"start":{"line":1,"column":12652},"end":{"line":1,"column":12662}}},"93":{"name":"(anonymous_93)","line":1,"loc":{"start":{"line":1,"column":12709},"end":{"line":1,"column":12719}}},"94":{"name":"(anonymous_94)","line":1,"loc":{"start":{"line":1,"column":12811},"end":{"line":1,"column":12821}}},"95":{"name":"(anonymous_95)","line":1,"loc":{"start":{"line":1,"column":12867},"end":{"line":1,"column":12877}}},"96":{"name":"(anonymous_96)","line":1,"loc":{"start":{"line":1,"column":12966},"end":{"line":1,"column":12977}}},"97":{"name":"(anonymous_97)","line":1,"loc":{"start":{"line":1,"column":13127},"end":{"line":1,"column":13138}}},"98":{"name":"(anonymous_98)","line":1,"loc":{"start":{"line":1,"column":13291},"end":{"line":1,"column":13301}}},"99":{"name":"(anonymous_99)","line":1,"loc":{"start":{"line":1,"column":13463},"end":{"line":1,"column":13473}}},"100":{"name":"(anonymous_100)","line":1,"loc":{"start":{"line":1,"column":13653},"end":{"line":1,"column":13664}}},"101":{"name":"(anonymous_101)","line":1,"loc":{"start":{"line":1,"column":13952},"end":{"line":1,"column":13962}}},"102":{"name":"(anonymous_102)","line":1,"loc":{"start":{"line":1,"column":15209},"end":{"line":1,"column":15224}}},"103":{"name":"o","line":1,"loc":{"start":{"line":1,"column":15238},"end":{"line":1,"column":15251}}},"104":{"name":"r","line":1,"loc":{"start":{"line":1,"column":15289},"end":{"line":1,"column":15304}}},"105":{"name":"i","line":1,"loc":{"start":{"line":1,"column":15383},"end":{"line":1,"column":15398}}},"106":{"name":"a","line":1,"loc":{"start":{"line":1,"column":15546},"end":{"line":1,"column":15561}}},"107":{"name":"(anonymous_107)","line":1,"loc":{"start":{"line":1,"column":15931},"end":{"line":1,"column":15942}}},"108":{"name":"(anonymous_108)","line":1,"loc":{"start":{"line":1,"column":16080},"end":{"line":1,"column":16090}}},"109":{"name":"e","line":1,"loc":{"start":{"line":1,"column":16091},"end":{"line":1,"column":16106}}},"110":{"name":"(anonymous_110)","line":1,"loc":{"start":{"line":1,"column":16264},"end":{"line":1,"column":16279}}},"111":{"name":"(anonymous_111)","line":1,"loc":{"start":{"line":1,"column":16354},"end":{"line":1,"column":16365}}},"112":{"name":"t","line":1,"loc":{"start":{"line":1,"column":16366},"end":{"line":1,"column":16379}}},"113":{"name":"(anonymous_113)","line":1,"loc":{"start":{"line":1,"column":16817},"end":{"line":1,"column":16827}}},"114":{"name":"(anonymous_114)","line":1,"loc":{"start":{"line":1,"column":17057},"end":{"line":1,"column":17068}}},"115":{"name":"(anonymous_115)","line":1,"loc":{"start":{"line":1,"column":17143},"end":{"line":1,"column":17153}}},"116":{"name":"(anonymous_116)","line":1,"loc":{"start":{"line":1,"column":17391},"end":{"line":1,"column":17406}}},"117":{"name":"(anonymous_117)","line":1,"loc":{"start":{"line":1,"column":17464},"end":{"line":1,"column":17475}}},"118":{"name":"(anonymous_118)","line":1,"loc":{"start":{"line":1,"column":17727},"end":{"line":1,"column":17737}}},"119":{"name":"(anonymous_119)","line":1,"loc":{"start":{"line":1,"column":17936},"end":{"line":1,"column":17947}}},"120":{"name":"(anonymous_120)","line":1,"loc":{"start":{"line":1,"column":18111},"end":{"line":1,"column":18122}}},"121":{"name":"(anonymous_121)","line":1,"loc":{"start":{"line":1,"column":18237},"end":{"line":1,"column":18248}}},"122":{"name":"(anonymous_122)","line":1,"loc":{"start":{"line":1,"column":18438},"end":{"line":1,"column":18449}}},"123":{"name":"(anonymous_123)","line":1,"loc":{"start":{"line":1,"column":18844},"end":{"line":1,"column":18855}}},"124":{"name":"(anonymous_124)","line":1,"loc":{"start":{"line":1,"column":19092},"end":{"line":1,"column":19103}}},"125":{"name":"(anonymous_125)","line":1,"loc":{"start":{"line":1,"column":19329},"end":{"line":1,"column":19340}}},"126":{"name":"(anonymous_126)","line":1,"loc":{"start":{"line":1,"column":19526},"end":{"line":1,"column":19537}}},"127":{"name":"(anonymous_127)","line":1,"loc":{"start":{"line":1,"column":19622},"end":{"line":1,"column":19632}}},"128":{"name":"(anonymous_128)","line":1,"loc":{"start":{"line":1,"column":19823},"end":{"line":1,"column":19833}}},"129":{"name":"(anonymous_129)","line":1,"loc":{"start":{"line":1,"column":19912},"end":{"line":1,"column":19922}}},"130":{"name":"(anonymous_130)","line":1,"loc":{"start":{"line":1,"column":20547},"end":{"line":1,"column":20560}}},"131":{"name":"(anonymous_131)","line":1,"loc":{"start":{"line":1,"column":20567},"end":{"line":1,"column":20582}}},"132":{"name":"(anonymous_132)","line":1,"loc":{"start":{"line":1,"column":20660},"end":{"line":1,"column":20673}}},"133":{"name":"(anonymous_133)","line":1,"loc":{"start":{"line":1,"column":20714},"end":{"line":1,"column":20729}}},"134":{"name":"(anonymous_134)","line":1,"loc":{"start":{"line":1,"column":21607},"end":{"line":1,"column":21620}}},"135":{"name":"(anonymous_135)","line":1,"loc":{"start":{"line":1,"column":21631},"end":{"line":1,"column":21641}}},"136":{"name":"(anonymous_136)","line":1,"loc":{"start":{"line":1,"column":21669},"end":{"line":1,"column":21679}}},"137":{"name":"(anonymous_137)","line":1,"loc":{"start":{"line":1,"column":21807},"end":{"line":1,"column":21820}}},"138":{"name":"(anonymous_138)","line":1,"loc":{"start":{"line":1,"column":22078},"end":{"line":1,"column":22093}}},"139":{"name":"o","line":1,"loc":{"start":{"line":1,"column":22094},"end":{"line":1,"column":22107}}},"140":{"name":"(anonymous_140)","line":1,"loc":{"start":{"line":1,"column":22723},"end":{"line":1,"column":22736}}},"141":{"name":"n","line":1,"loc":{"start":{"line":1,"column":22737},"end":{"line":1,"column":22749}}},"142":{"name":"o","line":1,"loc":{"start":{"line":1,"column":22801},"end":{"line":1,"column":22813}}},"143":{"name":"r","line":1,"loc":{"start":{"line":1,"column":22867},"end":{"line":1,"column":22880}}},"144":{"name":"i","line":1,"loc":{"start":{"line":1,"column":23075},"end":{"line":1,"column":23088}}},"145":{"name":"a","line":1,"loc":{"start":{"line":1,"column":23283},"end":{"line":1,"column":23295}}},"146":{"name":"l","line":1,"loc":{"start":{"line":1,"column":23351},"end":{"line":1,"column":23363}}},"147":{"name":"s","line":1,"loc":{"start":{"line":1,"column":23478},"end":{"line":1,"column":23493}}},"148":{"name":"u","line":1,"loc":{"start":{"line":1,"column":23518},"end":{"line":1,"column":23530}}},"149":{"name":"(anonymous_149)","line":1,"loc":{"start":{"line":1,"column":23556},"end":{"line":1,"column":23566}}},"150":{"name":"(anonymous_150)","line":1,"loc":{"start":{"line":1,"column":23731},"end":{"line":1,"column":23742}}},"151":{"name":"(anonymous_151)","line":1,"loc":{"start":{"line":1,"column":23914},"end":{"line":1,"column":23924}}},"152":{"name":"(anonymous_152)","line":1,"loc":{"start":{"line":1,"column":24136},"end":{"line":1,"column":24147}}},"153":{"name":"(anonymous_153)","line":1,"loc":{"start":{"line":1,"column":24207},"end":{"line":1,"column":24217}}},"154":{"name":"(anonymous_154)","line":1,"loc":{"start":{"line":1,"column":24237},"end":{"line":1,"column":24248}}},"155":{"name":"(anonymous_155)","line":1,"loc":{"start":{"line":1,"column":24308},"end":{"line":1,"column":24318}}},"156":{"name":"(anonymous_156)","line":1,"loc":{"start":{"line":1,"column":24330},"end":{"line":1,"column":24345}}},"157":{"name":"o","line":1,"loc":{"start":{"line":1,"column":24359},"end":{"line":1,"column":24372}}},"158":{"name":"(anonymous_158)","line":1,"loc":{"start":{"line":1,"column":24447},"end":{"line":1,"column":24458}}},"159":{"name":"(anonymous_159)","line":1,"loc":{"start":{"line":1,"column":24992},"end":{"line":1,"column":25002}}},"160":{"name":"(anonymous_160)","line":1,"loc":{"start":{"line":1,"column":25263},"end":{"line":1,"column":25274}}},"161":{"name":"(anonymous_161)","line":1,"loc":{"start":{"line":1,"column":25664},"end":{"line":1,"column":25674}}},"162":{"name":"(anonymous_162)","line":1,"loc":{"start":{"line":1,"column":25713},"end":{"line":1,"column":25724}}},"163":{"name":"(anonymous_163)","line":1,"loc":{"start":{"line":1,"column":26892},"end":{"line":1,"column":26902}}},"164":{"name":"(anonymous_164)","line":1,"loc":{"start":{"line":1,"column":26989},"end":{"line":1,"column":27000}}},"165":{"name":"(anonymous_165)","line":1,"loc":{"start":{"line":1,"column":27213},"end":{"line":1,"column":27223}}},"166":{"name":"(anonymous_166)","line":1,"loc":{"start":{"line":1,"column":27315},"end":{"line":1,"column":27325}}},"167":{"name":"(anonymous_167)","line":1,"loc":{"start":{"line":1,"column":27450},"end":{"line":1,"column":2746
[...]
imationID=null,void(e.accumulatedTime=0);var l=t||m.default(),s=l-e.prevTime;if(e.prevTime=l,e.accumulatedTime=e.accumulatedTime+s,e.accumulatedTime>10*k&&(e.accumulatedTime=0),0===e.accumulatedTime)return e.animationID=null,void e.startAnimationIfNecessary();for(var u=(e.accumulatedTime-Math.floor(e.accumulatedTime/k)*k)/k,c=Math.floor(e.accumulatedTime/k),f=a(e.props.willEnter,e.props.willLeave,e.state.mergedPropsStyles,o,e.state.currentStyles,e.state.currentVelocities,e.state.lastIdealStyles,e.state.lastIdealVelocities),p=f[0],h=f[1],y=f[2],v=f[3],S=f[4],g=0;g<p.length;g++){var b=p[g].style,P={},T={},w={},M={};for(var O in b)if(Object.prototype.hasOwnProperty.call(b,O)){var I=b[O];if(\"number\"==typeof I)P[O]=I,T[O]=0,w[O]=I,M[O]=0;else{for(var D=v[g][O],x=S[g][O],j=0;j<c;j++){var z=d.default(k/1e3,D,x,I.val,I.stiffness,I.damping,I.precision);D=z[0],x=z[1]}var C=d.default(k/1e3,D,x,I.val,I.stiffness,I.damping,I.precision),_=C[0],E=C[1];P[O]=D+(_-D)*u,T[O]=x+(E-x)*u,w[O]=D,M[O]=x}}v[g]=w,S[g]=M,h[g]=P,y[g]=T}e.animationID=null,e.accumulatedTime-=c*k,e.setState({currentStyles:h,currentVelocities:y,lastIdealStyles:v,lastIdealVelocities:S,mergedPropsStyles:p}),e.unreadPropStyles=null,e.startAnimationIfNecessary()}))},componentDidMount:function(){this.prevTime=m.default(),this.startAnimationIfNecessary()},componentWillReceiveProps:function(e){this.unreadPropStyles&&this.clearUnreadPropStyle(this.unreadPropStyles);var t=e.styles;\"function\"==typeof t?this.unreadPropStyles=t(r(this.state.mergedPropsStyles,this.unreadPropStyles,this.state.lastIdealStyles)):this.unreadPropStyles=t,null==this.animationID&&(this.prevTime=m.default(),this.startAnimationIfNecessary())},componentWillUnmount:function(){this.unmounting=!0,null!=this.animationID&&(g.default.cancel(this.animationID),this.animationID=null)},render:function(){var e=r(this.state.mergedPropsStyles,this.unreadPropStyles,this.state.currentStyles),t=this.props.children(e);return t&&w.default.Children.only(t)}});t.default=M,e.exports=t.default},function(e,t){\"use strict\";function n(e,t,n){for(var o={},r=0;r<e.length;r++)o[e[r].key]=r;for(var i={},r=0;r<t.length;r++)i[t[r].key]=r;for(var a=[],r=0;r<t.length;r++)a[r]=t[r];for(var r=0;r<e.length;r++)if(!Object.prototype.hasOwnProperty.call(i,e[r].key)){var l=n(r,e[r]);null!=l&&a.push(l)}return a.sort(function(e,n){var r=i[e.key],a=i[n.key],l=o[e.key],s=o[n.key];if(null!=r&&null!=a)return i[e.key]-i[n.key];if(null!=l&&null!=s)return o[e.key]-o[n.key];if(null!=r){for(var u=0;u<t.length;u++){var c=t[u].key;if(Object.prototype.hasOwnProperty.call(o,c)){if(r<i[c]&&s>o[c])return-1;if(r>i[c]&&s<o[c])return 1}}return 1}for(var u=0;u<t.length;u++){var c=t[u].key;if(Object.prototype.hasOwnProperty.call(o,c)){if(a<i[c]&&l>o[c])return 1;if(a>i[c]&&l<o[c])return-1}}return-1})}t.__esModule=!0,t.default=n,e.exports=t.default},function(e,t,n){\"use strict\";function o(){}t.__esModule=!0,t.default=o;e.exports=t.default},function(e,t,n){\"use strict\";function o(e){return e&&e.__esModule?e:{default:e}}function r(e,t){return i({},s,t,{val:e})}t.__esModule=!0;var i=Object.assign||function(e){for(var t=1;t<arguments.length;t++){var n=arguments[t];for(var o in n)Object.prototype.hasOwnProperty.call(n,o)&&(e[o]=n[o])}return e};t.default=r;var a=n(9),l=o(a),s=i({},l.default.noWobble,{precision:.01});e.exports=t.default},function(e,t,n){function o(e,t){for(var n=0;n<e.length;n++){var o=e[n],r=d[o.id];if(r){r.refs++;for(var i=0;i<r.parts.length;i++)r.parts[i](o.parts[i]);for(;i<o.parts.length;i++)r.parts.push(u(o.parts[i],t))}else{for(var a=[],i=0;i<o.parts.length;i++)a.push(u(o.parts[i],t));d[o.id]={id:o.id,refs:1,parts:a}}}}function r(e){for(var t=[],n={},o=0;o<e.length;o++){var r=e[o],i=r[0],a=r[1],l=r[2],s=r[3],u={css:a,media:l,sourceMap:s};n[i]?n[i].parts.push(u):t.push(n[i]={id:i,parts:[u]})}return t}function i(e,t){var n=v(),o=g[g.length-1];if(\"top\"===e.insertAt)o?o.nextSibling?n.insertBefore(t,o.nextSibling):n.appendChild(t):n.insertBefore(t,n.firstChild),g.push(t);else{if(\"bottom\"!==e.insertAt)throw new Error(\"Invalid value for parameter 'insertAt'. Must be 'top' or 'bottom'.\");n.appendChild(t)}}function a(e){e.parentNode.removeChild(e);var t=g.indexOf(e);t>=0&&g.splice(t,1)}function l(e){var t=document.createElement(\"style\");return t.type=\"text/css\",i(e,t),t}function s(e){var t=document.createElement(\"link\");return t.rel=\"stylesheet\",i(e,t),t}function u(e,t){var n,o,r;if(t.singleton){var i=S++;n=m||(m=l(t)),o=c.bind(null,n,i,!1),r=c.bind(null,n,i,!0)}else e.sourceMap&&\"function\"==typeof URL&&\"function\"==typeof URL.createObjectURL&&\"function\"==typeof URL.revokeObjectURL&&\"function\"==typeof Blob&&\"function\"==typeof btoa?(n=s(t),o=p.bind(null,n),r=function(){a(n),n.href&&URL.revokeObjectURL(n.href)}):(n=l(t),o=f.bind(null,n),r=function(){a(n)});return o(e),function(t){if(t){if(t.css===e.css&&t.media===e.media&&t.sourceMap===e.sourceMap)return;o(e=t)}else r()}}function c(e,t,n,o){var r=n?\"\":o.css;if(e.styleSheet)e.styleSheet.cssText=b(t,r);else{var i=document.createTextNode(r),a=e.childNodes;a[t]&&e.removeChild(a[t]),a.length?e.insertBefore(i,a[t]):e.appendChild(i)}}function f(e,t){var n=t.css,o=t.media;if(o&&e.setAttribute(\"media\",o),e.styleSheet)e.styleSheet.cssText=n;else{for(;e.firstChild;)e.removeChild(e.firstChild);e.appendChild(document.createTextNode(n))}}function p(e,t){var n=t.css,o=t.sourceMap;o&&(n+=\"\\n/*# sourceMappingURL=data:application/json;base64,\"+btoa(unescape(encodeURIComponent(JSON.stringify(o))))+\" */\");var r=new Blob([n],{type:\"text/css\"}),i=e.href;e.href=URL.createObjectURL(r),i&&URL.revokeObjectURL(i)}var d={},h=function(e){var t;return function(){return\"undefined\"==typeof t&&(t=e.apply(this,arguments)),t}},y=h(function(){return/msie [6-9]\\b/.test(window.navigator.userAgent.toLowerCase())}),v=h(function(){return document.head||document.getElementsByTagName(\"head\")[0]}),m=null,S=0,g=[];e.exports=function(e,t){t=t||{},\"undefined\"==typeof t.singleton&&(t.singleton=y()),\"undefined\"==typeof t.insertAt&&(t.insertAt=\"bottom\");var n=r(e);return o(n,t),function(e){for(var i=[],a=0;a<n.length;a++){var l=n[a],s=d[l.id];s.refs--,i.push(s)}if(e){var u=r(e);o(u,t)}for(var a=0;a<i.length;a++){var s=i[a];if(0===s.refs){for(var c=0;c<s.parts.length;c++)s.parts[c]();delete d[s.id]}}}};var b=function(){var e=[];return function(t,n){return e[t]=n,e.filter(Boolean).join(\"\\n\")}}()},function(e,t,n){var o=n(14);\"string\"==typeof o&&(o=[[e.id,o,\"\"]]);n(24)(o,{});o.locals&&(e.exports=o.locals)}])});"],"l":{"1":10,"2":4}},"/home/travis/build/npmtest/node-npmtest-react-scrollbar/node_modules/react-scrollbar/gulpfile.js":{"path":"/home/travis/build/npmtest/node-npmtest-react-scrollbar/node_modules/react-scrollbar/gulpfile.js","s":{"1":2,"2":0,"3":0,"4":0,"5":0,"6":0,"7":0,"8":0,"9":0,"10":0,"11":0,"12":0,"13":0,"14":0,"15":0,"16":0,"17":0,"18":0,"19":0,"20":0,"21":0,"22":0,"23":0,"24":0,"25":0,"26":0,"27":0,"28":0,"29":0,"30":0,"31":0,"32":0,"33":0,"34":0,"35":0,"36":0},"b":{},"f":{"1":0,"2":0,"3":0,"4":0,"5":0,"6":0,"7":0,"8":0,"9":0,"10":0,"11":0},"fnMap":{"1":{"name":"(anonymous_1)","line":14,"loc":{"start":{"line":14,"column":19},"end":{"line":14,"column":30}}},"2":{"name":"(anonymous_2)","line":21,"loc":{"start":{"line":21,"column":25},"end":{"line":21,"column":36}}},"3":{"name":"(anonymous_3)","line":28,"loc":{"start":{"line":28,"column":30},"end":{"line":28,"column":41}}},"4":{"name":"(anonymous_4)","line":35,"loc":{"start":{"line":35,"column":36},"end":{"line":35,"column":47}}},"5":{"name":"(anonymous_5)","line":42,"loc":{"start":{"line":42,"column":18},"end":{"line":42,"column":28}}},"6":{"name":"(anonymous_6)","line":48,"loc":{"start":{"line":48,"column":28},"end":{"line":48,"column":38}}},"7":{"name":"(anonymous_7)","line":56,"loc":{"start":{"line":56,"column":21},"end":{"line":56,"column":31}}},"8":{"name":"(anonymous_8)","line":64,"loc":{"start":{"line":64,"column":27},"end":{"line":64,"column":37}}},"9":{"name":"(anonymous_9)","line":71,"loc":{"start":{"line":71,"column":21},"end":{"line":71,"column":39}}},"10":{"name":"(anonymous_10)","line":75,"loc":{"start":{"line":75,"column":24},"end":{"line":75,"column":42}}},"11":{"name":"(anonymous_11)","line":79,"loc":{"start":{"line":79,"column":19},"end":{"line":79,"column":30}}}},"statementMap":{"1":{"start":{"line":1,"column":0},"end":{"line":1,"column":27}},"2":{"start":{"line":2,"column":0},"end":{"line":2,"column":40}},"3":{"start":{"line":3,"column":0},"end":{"line":3,"column":36}},"4":{"start":{"line":4,"column":0},"end":{"line":4,"column":32}},"5":{"start":{"line":5,"column":0},"end":{"line":5,"column":34}},"6":{"start":{"line":6,"column":0},"end":{"line":6,"column":38}},"7":{"start":{"line":7,"column":0},"end":{"line":7,"column":36}},"8":{"start":{"line":8,"column":0},"end":{"line":8,"column":42}},"9":{"start":{"line":10,"column":0},"end":{"line":10,"column":56}},"10":{"start":{"line":11,"column":0},"end":{"line":11,"column":70}},"11":{"start":{"line":12,"column":0},"end":{"line":12,"column":65}},"12":{"start":{"line":14,"column":0},"end":{"line":19,"column":3}},"13":{"start":{"line":15,"column":4},"end":{"line":18,"column":33}},"14":{"start":{"line":21,"column":0},"end":{"line":26,"column":3}},"15":{"start":{"line":22,"column":4},"end":{"line":25,"column":33}},"16":{"start":{"line":28,"column":0},"end":{"line":33,"column":3}},"17":{"start":{"line":29,"column":4},"end":{"line":32,"column":33}},"18":{"start":{"line":35,"column":0},"end":{"line":40,"column":3}},"19":{"start":{"line":36,"column":4},"end":{"line":39,"column":33}},"20":{"start":{"line":42,"column":0},"end":{"line":46,"column":3}},"21":{"start":{"line":43,"column":4},"end":{"line":45,"column":40}},"22":{"start":{"line":48,"column":0},"end":{"line":54,"column":3}},"23":{"start":{"line":49,"column":4},"end":{"line":53,"column":32}},"24":{"start":{"line":56,"column":0},"end":{"line":62,"column":3}},"25":{"start":{"line":57,"column":4},"end":{"line":61,"column":9}},"26":{"start":{"line":64,"column":0},"end":{"line":69,"column":3}},"27":{"start":{"line":65,"column":4},"end":{"line":68,"column":32}},"28":{"start":{"line":71,"column":0},"end":{"line":73,"column":3}},"29":{"start":{"line":72,"column":4},"end":{"line":72,"column":95}},"30":{"start":{"line":75,"column":0},"end":{"line":77,"column":3}},"31":{"start":{"line":76,"column":4},"end":{"line":76,"column":80}},"32":{"start":{"line":79,"column":0},"end":{"line":89,"column":3}},"33":{"start":{"line":80,"column":4},"end":{"line":84,"column":8}},"34":{"start":{"line":86,"column":4},"end":{"line":86,"column":78}},"35":{"start":{"line":87,"column":4},"end":{"line":87,"column":84}},"36":{"start":{"line":88,"column":4},"end":{"line":88,"column":56}}},"branchMap":{},"code":["var gulp = require('gulp');","var webpack = require('webpack-stream');","var concat = require('gulp-concat');","var less = require('gulp-less');","var babel = require('gulp-babel');","var connect = require('gulp-connect');","var merge = require('merge-stream');","var runSequence = require('run-sequence');","","var webpackDevConf = require('./webpack.dev.config.js');","var webpackProductionConf = require('./webpack.production.config.js');","var webpackExamplesConf = require('./webpackExamples.config.js');","","gulp.task('build', function() {","    return gulp.src('src/js/ScrollAreaWithCss.js')","        .pipe(webpack(webpackDevConf))","        .pipe(concat('scrollArea.js'))","        .pipe(gulp.dest('dist'));","});","","gulp.task('build-nocss', function() {","    return gulp.src('src/js/ScrollAreaWithoutCss.js')","        .pipe(webpack(webpackDevConf))","        .pipe(concat('no-css.js'))","        .pipe(gulp.dest('dist'));","});","","gulp.task('build-production', function() {","    return gulp.src('src/js/ScrollAreaWithCss.js')","        .pipe(webpack(webpackProductionConf))","        .pipe(concat('scrollArea.js'))","        .pipe(gulp.dest('dist'));","});","","gulp.task('build-production-nocss', function() {","    return gulp.src('src/js/ScrollAreaWithoutCss.js')","        .pipe(webpack(webpackProductionConf))","        .pipe(concat('no-css.js'))","        .pipe(gulp.dest('dist'));","});","","gulp.task('less', function(){","    return gulp.src('./src/less/scrollArea.less')","        .pipe(less())","        .pipe(gulp.dest('./dist/css/'));","});","","gulp.task('build-examples', function(){","    return gulp.src('examples/js/main.js')","        .pipe(webpack(webpackExamplesConf))","        .pipe(concat('main.js'))","        .pipe(gulp.dest('examples'))","        .pipe(connect.reload());","});","","gulp.task(\"connect\", function(){","    connect.server({","        root: 'dist',","        livereload: true,","        port: 8003","      });","});","","gulp.task('less-examples', function(){","    return gulp.src('./examples/less/**/*.less')","        .pipe(less())","        .pipe(gulp.dest('examples'))","        .pipe(connect.reload());","});","","gulp.task('default', function(callback){","    runSequence('build', 'build-nocss', 'less', ['build-examples', 'less-examples'], callback);","});","","gulp.task('production', function(callback){","    runSequence('build-production', 'build-production-nocss', 'less', callback);","});","","gulp.task('watch', function() {","    connect.server({","       root: 'examples',","       livereload: true,","       port: 8003","     });","","    gulp.watch(['src/**/*.js', 'src/**/*.jsx', 'src/**/*.less'], ['default']);","    gulp.watch(['examples/**/js/**/*.js', 'examples/**/*.jsx'], ['build-examples']);","    gulp.watch('examples/**/*.less', ['less-examples']);","});",""],"l":{"1":2,"2":0,"3":0,"4":0,"5":0,"6":0,"7":0,"8":0,"10":0,"11":0,"12":0,"14":0,"15":0,"21":0,"22":0,"28":0,"29":0,"35":0,"36":0,"42":0,"43":0,"48":0,"49":0,"56":0,"57":0,"64":0,"65":0,"71":0,"72":0,"75":0,"76":0,"79":0,"80":0,"86":0,"87":0,"88":0}},"/home/travis/build/npmtest/node-npmtest-react-scrollbar/node_modules/react-scrollbar/karma.config.js":{"path":"/home/travis/build/npmtest/node-npmtest-react-scrollbar/node_modules/react-scrollbar/karma.config.js","s":{"1":2,"2":0,"3":0},"b":{},"f":{"1":0},"fnMap":{"1":{"name":"(anonymous_1)","line":3,"loc":{"start":{"line":3,"column":17},"end":{"line":3,"column":35}}}},"statementMap":{"1":{"start":{"line":1,"column":0},"end":{"line":1,"column":60}},"2":{"start":{"line":3,"column":0},"end":{"line":32,"column":2}},"3":{"start":{"line":4,"column":2},"end":{"line":31,"column":5}}},"branchMap":{},"code":["const webpackDevConfig = require('./webpack.dev.config.js');","","module.exports = function (config) {","  config.set({","    browsers: [ 'PhantomJS', 'Chrome' ],","    files: [","      './test/tests.bundle.js'","    ],","    frameworks: [ 'mocha' ],","    preprocessors: {","      './test/tests.bundle.js': [ 'webpack', 'sourcemap' ]","    },","    reporters: [ 'mocha' ],","    singleRun: true,","    webpack: {","        devtool: 'inline-source-map',","        resolve: {","            modulesDirectories: ['node_modules', 'bower_components'],","            extensions: ['', '.js', '.jsx']","        },","        module: {","            loaders: [","                { test: /\\.jsx?$/, exclude: /node_modules/, loader: 'babel' },","                { test: /\\.less$/, loader: 'style!css!less' }","            ]","        }","    },","    webpackServer: {","      noInfo: true","    }","  });","};"],"l":{"1":2,"3":0,"4":0}},"/home/travis/build/npmtest/node-npmtest-react-scrollbar/node_modules/react-scrollbar/webpack.dev.config.js":{"path":"/home/travis/build/npmtest/node-npmtest-react-scrollbar/node_modules/react-scrollbar/webpack.dev.config.js","s":{"1":4,"2":0,"3":0,"4":0,"5":0},"b":{},"f":{},"fnMap":{},"statementMap":{"1":{"start":{"line":2,"column":0},"end":{"line":2,"column":54}},"2":{"start":{"line":3,"column":0},"end":{"line":3,"column":44}},"3":{"start":{"line":5,"column":0},"end":{"line":5,"column":42}},"4":{"start":{"line":7,"column":0},"end":{"line":7,"column":37}},"5":{"start":{"line":9,"column":0},"end":{"line":9,"column":24}}},"branchMap":{},"code":["'use strict'","var baseConfig  = require('./webpack.base.config.js');","var objectAssign = require('object-assign');","","var config = objectAssign({}, baseConfig);","","config.devtool = \"inline-source-map\";","","module.exports = config;"],"l":{"2":4,"3":0,"5":0,"7":0,"9":0}},"/home/travis/build/npmtest/node-npmtest-react-scrollbar/node_modules/react-scrollbar/webpack.base.config.js":{"path":"/home/travis/build/npmtest/node-npmtest-react-scrollbar/node_modules/react-scrollbar/webpack.base.config.js","s":{"1":6,"2":0},"b":{},"f":{},"fnMap":{},"statementMap":{"1":{"start":{"line":3,"column":0},"end":{"line":3,"column":33}},"2":{"start":{"line":5,"column":0},"end":{"line":38,"column":2}}},"branchMap":{},"code":["'use strict'","","var webpack = require('webpack');","","module.exports = {","    resolve: {","        modulesDirectories: ['node_modules', 'bower_components'],","        extensions: ['', '.js', '.jsx']","    },","","    output: {","        library: 'ScrollArea',","        libraryTarget: 'umd'","    },","","    externals: [","        {","            \"react\": {","                root: \"React\",","                commonjs2: \"react\",","                commonjs: \"react\",","                amd: \"react\"","            }","        }","    ],","","    module: {","        loaders: [","            { ","                test: /\\.jsx?$/, exclude: /node_modules/, loader: 'babel'","            },","            { ","                test: /\\.less$/, ","                loader: 'style!css!less' ","            }","        ]","    }","};",""],"l":{"3":6,"5":0}},"/home/travis/build/npmtest/node-npmtest-react-scrollbar/node_modules/react-scrollbar/webpackExamples.config.js":{"path":"/home/travis/build/npmtest/node-npmtest-react-scrollbar/node_modules/react-scrollbar/webpackExamples.config.js","s":{"1":1},"b":{},"f":{},"fnMap":{},"statementMap":{"1":{"start":{"line":1,"column":0},"end":{"line":17,"column":2}}},"branchMap":{},"code":["module.exports = {","    resolve: {","        modulesDirectories: ['node_modules', 'bower_components'],","        extensions: ['', '.js', '.jsx'],","        alias: {","            'react-scrollbar/no-css': '../../src/js/ScrollAreaWithoutCss.js',","            'react-scrollbar': '../../src/js/ScrollAreaWithCss.js'","        }","    },","    module: {","        loaders: [","            { test: /\\.jsx?$/, exclude: /node_modules/, loader: 'babel'},","            { test: /\\.less$/, loader: 'style!css!less' }","        ]","    },","    devtool: \"inline-source-map\"","};",""],"l":{"1":1}},"/home/travis/build/npmtest/node-npmtest-react-scrollbar/node_modules/react-scrollbar/webpack.production.config.js":{"path":"/home/travis/build/npmtest/node-npmtest-react-scrollbar/node_modules/react-scrollbar/webpack.production.config.js","s":{"1":2,"2":0,"3":0,"4":0,"5":0,"6":0},"b":{},"f":{},"fnMap":{},"statementMap":{"1":{"start":{"line":3,"column":0},"end":{"line":3,"column":33}},"2":{"start":{"line":4,"column":0},"end":{"line":4,"column":54}},"3":{"start":{"line":5,"column":0},"end":{"line":5,"column":44}},"4":{"start":{"line":7,"column":0},"end":{"line":7,"column":42}},"5":{"start":{"line":9,"column":0},"end":{"line":21,"column":2}},"6":{"start":{"line":23,"column":0},"end":{"line":23,"column":24}}},"branchMap":{},"code":["'use strict'","","var webpack = require('webpack');","var baseConfig  = require('./webpack.base.config.js');","var objectAssign = require('object-assign');","","var config = objectAssign({}, baseConfig);","","config.plugins = [","    new webpack.optimize.OccurenceOrderPlugin(),","    new webpack.DefinePlugin({","        'process.env.NODE_ENV': JSON.stringify('production')","    }),","    new webpack.optimize.UglifyJsPlugin({","        compressor: {","            screw_ie8: true,","            warnings: false","        },","        sourceMap: false","    })","];","","module.exports = config;",""],"l":{"3":2,"4":0,"5":0,"7":0,"9":0,"23":0}}}